id: "ID00000"	runtime: 2.59       length: 2590       level: -1    stb: 0    
id: "ID00001"	runtime: 2.67       length: 2670       level: -1    stb: 0    
id: "ID00002"	runtime: 145.49     length: 145490     level: -1    stb: 116  
id: "ID00003"	runtime: 22.9       length: 22900      level: -1    stb: 3    
id: "ID00004"	runtime: 0.72       length: 720        level: -1    stb: 1    
id: "ID00005"	runtime: 37.69      length: 37690      level: -1    stb: 3    
id: "ID00006"	runtime: 1.24       length: 1240       level: -1    stb: 1    
id: "ID00007"	runtime: 49.62      length: 49620      level: -1    stb: 3    
id: "ID00008"	runtime: 0.58       length: 580        level: -1    stb: 1    
id: "ID00009"	runtime: 64.65      length: 64650      level: -1    stb: 3    
id: "ID00010"	runtime: 0.91       length: 910        level: -1    stb: 1    
id: "ID00011"	runtime: 35.12      length: 35120      level: -1    stb: 3    
id: "ID00012"	runtime: 1.26       length: 1260       level: -1    stb: 1    
id: "ID00013"	runtime: 47.62      length: 47620      level: -1    stb: 3    
id: "ID00014"	runtime: 0.67       length: 670        level: -1    stb: 1    
id: "ID00015"	runtime: 65.05      length: 65050      level: -1    stb: 3    
id: "ID00016"	runtime: 1.61       length: 1610       level: -1    stb: 1    
id: "ID00017"	runtime: 60.69      length: 60690      level: -1    stb: 3    
id: "ID00018"	runtime: 0.74       length: 740        level: -1    stb: 1    
id: "ID00019"	runtime: 29.34      length: 29340      level: -1    stb: 3    
id: "ID00020"	runtime: 0.94       length: 940        level: -1    stb: 1    
id: "ID00021"	runtime: 55.02      length: 55020      level: -1    stb: 3    
id: "ID00022"	runtime: 0.74       length: 740        level: -1    stb: 1    
id: "ID00023"	runtime: 41.8       length: 41800      level: -1    stb: 3    
id: "ID00024"	runtime: 1.31       length: 1310       level: -1    stb: 1    
id: "ID00025"	runtime: 42.13      length: 42130      level: -1    stb: 3    
id: "ID00026"	runtime: 1.01       length: 1010       level: -1    stb: 1    
id: "ID00027"	runtime: 26.23      length: 26230      level: -1    stb: 3    
id: "ID00028"	runtime: 0.62       length: 620        level: -1    stb: 1    
id: "ID00029"	runtime: 34.49      length: 34490      level: -1    stb: 3    
id: "ID00030"	runtime: 0.71       length: 710        level: -1    stb: 1    
id: "ID00031"	runtime: 55.88      length: 55880      level: -1    stb: 3    
id: "ID00032"	runtime: 1.27       length: 1270       level: -1    stb: 1    
id: "ID00033"	runtime: 49.87      length: 49870      level: -1    stb: 3    
id: "ID00034"	runtime: 0.69       length: 690        level: -1    stb: 1    
id: "ID00035"	runtime: 22.8       length: 22800      level: -1    stb: 3    
id: "ID00036"	runtime: 0.84       length: 840        level: -1    stb: 1    
id: "ID00037"	runtime: 41.96      length: 41960      level: -1    stb: 3    
id: "ID00038"	runtime: 0.99       length: 990        level: -1    stb: 1    
id: "ID00039"	runtime: 44.91      length: 44910      level: -1    stb: 3    
id: "ID00040"	runtime: 1.4        length: 1400       level: -1    stb: 1    
id: "ID00041"	runtime: 40.99      length: 40990      level: -1    stb: 3    
id: "ID00042"	runtime: 1.11       length: 1110       level: -1    stb: 1    
id: "ID00043"	runtime: 54.49      length: 54490      level: -1    stb: 3    
id: "ID00044"	runtime: 1.61       length: 1610       level: -1    stb: 1    
id: "ID00045"	runtime: 45.18      length: 45180      level: -1    stb: 3    
id: "ID00046"	runtime: 1.47       length: 1470       level: -1    stb: 1    
id: "ID00047"	runtime: 60.62      length: 60620      level: -1    stb: 3    
id: "ID00048"	runtime: 1.34       length: 1340       level: -1    stb: 1    
id: "ID00049"	runtime: 26.43      length: 26430      level: -1    stb: 3    
id: "ID00050"	runtime: 1.47       length: 1470       level: -1    stb: 1    
id: "ID00051"	runtime: 50.75      length: 50750      level: -1    stb: 3    
id: "ID00052"	runtime: 1.47       length: 1470       level: -1    stb: 1    
id: "ID00053"	runtime: 38.74      length: 38740      level: -1    stb: 3    
id: "ID00054"	runtime: 1.18       length: 1180       level: -1    stb: 1    
id: "ID00055"	runtime: 30.64      length: 30640      level: -1    stb: 3    
id: "ID00056"	runtime: 0.55       length: 550        level: -1    stb: 1    
id: "ID00057"	runtime: 26.93      length: 26930      level: -1    stb: 3    
id: "ID00058"	runtime: 0.56       length: 560        level: -1    stb: 1    
id: "ID00059"	runtime: 63.04      length: 63040      level: -1    stb: 3    
id: "ID00060"	runtime: 1.11       length: 1110       level: -1    stb: 1    
id: "ID00061"	runtime: 48.84      length: 48840      level: -1    stb: 3    
id: "ID00062"	runtime: 0.92       length: 920        level: -1    stb: 1    
id: "ID00063"	runtime: 51.91      length: 51910      level: -1    stb: 3    
id: "ID00064"	runtime: 1.41       length: 1410       level: -1    stb: 1    
id: "ID00065"	runtime: 30.5       length: 30500      level: -1    stb: 3    
id: "ID00066"	runtime: 0.83       length: 830        level: -1    stb: 1    
id: "ID00067"	runtime: 57.12      length: 57120      level: -1    stb: 3    
id: "ID00068"	runtime: 1.3        length: 1300       level: -1    stb: 1    
id: "ID00069"	runtime: 43.21      length: 43210      level: -1    stb: 3    
id: "ID00070"	runtime: 0.86       length: 860        level: -1    stb: 1    
id: "ID00071"	runtime: 42.5       length: 42500      level: -1    stb: 3    
id: "ID00072"	runtime: 0.77       length: 770        level: -1    stb: 1    
id: "ID00073"	runtime: 40.6       length: 40600      level: -1    stb: 3    
id: "ID00074"	runtime: 1.46       length: 1460       level: -1    stb: 1    
id: "ID00075"	runtime: 23.27      length: 23270      level: -1    stb: 3    
id: "ID00076"	runtime: 1.63       length: 1630       level: -1    stb: 1    
id: "ID00077"	runtime: 63.22      length: 63220      level: -1    stb: 3    
id: "ID00078"	runtime: 0.95       length: 950        level: -1    stb: 1    
id: "ID00079"	runtime: 49.74      length: 49740      level: -1    stb: 3    
id: "ID00080"	runtime: 1.33       length: 1330       level: -1    stb: 1    
id: "ID00081"	runtime: 30.22      length: 30220      level: -1    stb: 3    
id: "ID00082"	runtime: 0.89       length: 890        level: -1    stb: 1    
id: "ID00083"	runtime: 46.93      length: 46930      level: -1    stb: 3    
id: "ID00084"	runtime: 0.56       length: 560        level: -1    stb: 1    
id: "ID00085"	runtime: 26.39      length: 26390      level: -1    stb: 3    
id: "ID00086"	runtime: 1.32       length: 1320       level: -1    stb: 1    
id: "ID00087"	runtime: 25.89      length: 25890      level: -1    stb: 3    
id: "ID00088"	runtime: 1.16       length: 1160       level: -1    stb: 1    
id: "ID00089"	runtime: 46.55      length: 46550      level: -1    stb: 3    
id: "ID00090"	runtime: 1.36       length: 1360       level: -1    stb: 1    
id: "ID00091"	runtime: 32.04      length: 32040      level: -1    stb: 3    
id: "ID00092"	runtime: 1.31       length: 1310       level: -1    stb: 1    
id: "ID00093"	runtime: 29.65      length: 29650      level: -1    stb: 3    
id: "ID00094"	runtime: 1.38       length: 1380       level: -1    stb: 1    
id: "ID00095"	runtime: 50.24      length: 50240      level: -1    stb: 3    
id: "ID00096"	runtime: 0.64       length: 640        level: -1    stb: 1    
id: "ID00097"	runtime: 63.01      length: 63010      level: -1    stb: 3    
id: "ID00098"	runtime: 1.47       length: 1470       level: -1    stb: 1    
id: "ID00099"	runtime: 39.57      length: 39570      level: -1    stb: 3    
id: "ID00100"	runtime: 1.12       length: 1120       level: -1    stb: 1    
id: "ID00101"	runtime: 38.4       length: 38400      level: -1    stb: 3    
id: "ID00102"	runtime: 1.16       length: 1160       level: -1    stb: 1    
id: "ID00103"	runtime: 58.3       length: 58300      level: -1    stb: 3    
id: "ID00104"	runtime: 1.47       length: 1470       level: -1    stb: 1    
id: "ID00105"	runtime: 53.18      length: 53180      level: -1    stb: 3    
id: "ID00106"	runtime: 0.56       length: 560        level: -1    stb: 1    
id: "ID00107"	runtime: 55.48      length: 55480      level: -1    stb: 3    
id: "ID00108"	runtime: 0.89       length: 890        level: -1    stb: 1    
id: "ID00109"	runtime: 38.86      length: 38860      level: -1    stb: 3    
id: "ID00110"	runtime: 1.1        length: 1100       level: -1    stb: 1    
id: "ID00111"	runtime: 33.4       length: 33400      level: -1    stb: 3    
id: "ID00112"	runtime: 0.82       length: 820        level: -1    stb: 1    
id: "ID00113"	runtime: 29.6       length: 29600      level: -1    stb: 3    
id: "ID00114"	runtime: 1.09       length: 1090       level: -1    stb: 1    
id: "ID00115"	runtime: 51.6       length: 51600      level: -1    stb: 3    
id: "ID00116"	runtime: 1.08       length: 1080       level: -1    stb: 1    
id: "ID00117"	runtime: 79.58      length: 79580      level: -1    stb: 122  
id: "ID00118"	runtime: 43.33      length: 43330      level: -1    stb: 3    
id: "ID00119"	runtime: 0.56       length: 560        level: -1    stb: 1    
id: "ID00120"	runtime: 41.82      length: 41820      level: -1    stb: 3    
id: "ID00121"	runtime: 1.13       length: 1130       level: -1    stb: 1    
id: "ID00122"	runtime: 38.83      length: 38830      level: -1    stb: 3    
id: "ID00123"	runtime: 1.17       length: 1170       level: -1    stb: 1    
id: "ID00124"	runtime: 51.74      length: 51740      level: -1    stb: 3    
id: "ID00125"	runtime: 1.36       length: 1360       level: -1    stb: 1    
id: "ID00126"	runtime: 50.63      length: 50630      level: -1    stb: 3    
id: "ID00127"	runtime: 0.97       length: 970        level: -1    stb: 1    
id: "ID00128"	runtime: 57.01      length: 57010      level: -1    stb: 3    
id: "ID00129"	runtime: 1.48       length: 1480       level: -1    stb: 1    
id: "ID00130"	runtime: 62.86      length: 62860      level: -1    stb: 3    
id: "ID00131"	runtime: 1.42       length: 1420       level: -1    stb: 1    
id: "ID00132"	runtime: 34.07      length: 34070      level: -1    stb: 3    
id: "ID00133"	runtime: 1.53       length: 1530       level: -1    stb: 1    
id: "ID00134"	runtime: 49.88      length: 49880      level: -1    stb: 3    
id: "ID00135"	runtime: 0.78       length: 780        level: -1    stb: 1    
id: "ID00136"	runtime: 44.13      length: 44130      level: -1    stb: 3    
id: "ID00137"	runtime: 0.55       length: 550        level: -1    stb: 1    
id: "ID00138"	runtime: 57.67      length: 57670      level: -1    stb: 3    
id: "ID00139"	runtime: 1.57       length: 1570       level: -1    stb: 1    
id: "ID00140"	runtime: 38.45      length: 38450      level: -1    stb: 3    
id: "ID00141"	runtime: 1.62       length: 1620       level: -1    stb: 1    
id: "ID00142"	runtime: 38.73      length: 38730      level: -1    stb: 3    
id: "ID00143"	runtime: 1.17       length: 1170       level: -1    stb: 1    
id: "ID00144"	runtime: 49.75      length: 49750      level: -1    stb: 3    
id: "ID00145"	runtime: 0.78       length: 780        level: -1    stb: 1    
id: "ID00146"	runtime: 57.75      length: 57750      level: -1    stb: 3    
id: "ID00147"	runtime: 0.93       length: 930        level: -1    stb: 1    
id: "ID00148"	runtime: 52.43      length: 52430      level: -1    stb: 3    
id: "ID00149"	runtime: 1.08       length: 1080       level: -1    stb: 1    
id: "ID00150"	runtime: 48.89      length: 48890      level: -1    stb: 3    
id: "ID00151"	runtime: 0.83       length: 830        level: -1    stb: 1    
id: "ID00152"	runtime: 27.34      length: 27340      level: -1    stb: 3    
id: "ID00153"	runtime: 1.36       length: 1360       level: -1    stb: 1    
id: "ID00154"	runtime: 49.99      length: 49990      level: -1    stb: 3    
id: "ID00155"	runtime: 1.17       length: 1170       level: -1    stb: 1    
id: "ID00156"	runtime: 30.63      length: 30630      level: -1    stb: 3    
id: "ID00157"	runtime: 1.5        length: 1500       level: -1    stb: 1    
id: "ID00158"	runtime: 24.64      length: 24640      level: -1    stb: 3    
id: "ID00159"	runtime: 0.63       length: 630        level: -1    stb: 1    
id: "ID00160"	runtime: 47.02      length: 47020      level: -1    stb: 3    
id: "ID00161"	runtime: 1.2        length: 1200       level: -1    stb: 1    
id: "ID00162"	runtime: 63.37      length: 63370      level: -1    stb: 3    
id: "ID00163"	runtime: 0.66       length: 660        level: -1    stb: 1    
id: "ID00164"	runtime: 44.61      length: 44610      level: -1    stb: 3    
id: "ID00165"	runtime: 1.15       length: 1150       level: -1    stb: 1    
id: "ID00166"	runtime: 36.54      length: 36540      level: -1    stb: 3    
id: "ID00167"	runtime: 1.1        length: 1100       level: -1    stb: 1    
id: "ID00168"	runtime: 62.5       length: 62500      level: -1    stb: 3    
id: "ID00169"	runtime: 1.34       length: 1340       level: -1    stb: 1    
id: "ID00170"	runtime: 54.02      length: 54020      level: -1    stb: 3    
id: "ID00171"	runtime: 1.13       length: 1130       level: -1    stb: 1    
id: "ID00172"	runtime: 40.44      length: 40440      level: -1    stb: 3    
id: "ID00173"	runtime: 0.91       length: 910        level: -1    stb: 1    
id: "ID00174"	runtime: 43.12      length: 43120      level: -1    stb: 3    
id: "ID00175"	runtime: 1.25       length: 1250       level: -1    stb: 1    
id: "ID00176"	runtime: 23.94      length: 23940      level: -1    stb: 3    
id: "ID00177"	runtime: 0.72       length: 720        level: -1    stb: 1    
id: "ID00178"	runtime: 58.72      length: 58720      level: -1    stb: 3    
id: "ID00179"	runtime: 0.76       length: 760        level: -1    stb: 1    
id: "ID00180"	runtime: 27.77      length: 27770      level: -1    stb: 3    
id: "ID00181"	runtime: 1.07       length: 1070       level: -1    stb: 1    
id: "ID00182"	runtime: 59.96      length: 59960      level: -1    stb: 3    
id: "ID00183"	runtime: 0.94       length: 940        level: -1    stb: 1    
id: "ID00184"	runtime: 40.71      length: 40710      level: -1    stb: 3    
id: "ID00185"	runtime: 0.89       length: 890        level: -1    stb: 1    
id: "ID00186"	runtime: 32.66      length: 32659      level: -1    stb: 3    
id: "ID00187"	runtime: 0.66       length: 660        level: -1    stb: 1    
id: "ID00188"	runtime: 38.27      length: 38270      level: -1    stb: 3    
id: "ID00189"	runtime: 1.3        length: 1300       level: -1    stb: 1    
id: "ID00190"	runtime: 61.02      length: 61020      level: -1    stb: 3    
id: "ID00191"	runtime: 1.07       length: 1070       level: -1    stb: 1    
id: "ID00192"	runtime: 50.82      length: 50820      level: -1    stb: 3    
id: "ID00193"	runtime: 0.69       length: 690        level: -1    stb: 1    
id: "ID00194"	runtime: 37.65      length: 37650      level: -1    stb: 3    
id: "ID00195"	runtime: 0.83       length: 830        level: -1    stb: 1    
id: "ID00196"	runtime: 55.0       length: 55000      level: -1    stb: 3    
id: "ID00197"	runtime: 1.43       length: 1430       level: -1    stb: 1    
id: "ID00198"	runtime: 43.26      length: 43260      level: -1    stb: 3    
id: "ID00199"	runtime: 1.54       length: 1540       level: -1    stb: 1    
id: "ID00200"	runtime: 31.31      length: 31310      level: -1    stb: 3    
id: "ID00201"	runtime: 0.64       length: 640        level: -1    stb: 1    
id: "ID00202"	runtime: 36.15      length: 36150      level: -1    stb: 3    
id: "ID00203"	runtime: 1.47       length: 1470       level: -1    stb: 1    
id: "ID00204"	runtime: 64.54      length: 64540      level: -1    stb: 3    
id: "ID00205"	runtime: 1.1        length: 1100       level: -1    stb: 1    
id: "ID00206"	runtime: 34.7       length: 34700      level: -1    stb: 3    
id: "ID00207"	runtime: 0.78       length: 780        level: -1    stb: 1    
id: "ID00208"	runtime: 40.91      length: 40910      level: -1    stb: 3    
id: "ID00209"	runtime: 0.68       length: 680        level: -1    stb: 1    
id: "ID00210"	runtime: 48.11      length: 48110      level: -1    stb: 3    
id: "ID00211"	runtime: 1.57       length: 1570       level: -1    stb: 1    
id: "ID00212"	runtime: 22.51      length: 22510      level: -1    stb: 3    
id: "ID00213"	runtime: 1.08       length: 1080       level: -1    stb: 1    
id: "ID00214"	runtime: 41.67      length: 41670      level: -1    stb: 3    
id: "ID00215"	runtime: 0.67       length: 670        level: -1    stb: 1    
id: "ID00216"	runtime: 47.5       length: 47500      level: -1    stb: 3    
id: "ID00217"	runtime: 0.58       length: 580        level: -1    stb: 1    
id: "ID00218"	runtime: 38.61      length: 38610      level: -1    stb: 3    
id: "ID00219"	runtime: 1.28       length: 1280       level: -1    stb: 1    
id: "ID00220"	runtime: 41.18      length: 41180      level: -1    stb: 3    
id: "ID00221"	runtime: 1.31       length: 1310       level: -1    stb: 1    
id: "ID00222"	runtime: 32.01      length: 32009      level: -1    stb: 3    
id: "ID00223"	runtime: 0.58       length: 580        level: -1    stb: 1    
id: "ID00224"	runtime: 56.5       length: 56500      level: -1    stb: 3    
id: "ID00225"	runtime: 1.46       length: 1460       level: -1    stb: 1    
id: "ID00226"	runtime: 62.51      length: 62510      level: -1    stb: 3    
id: "ID00227"	runtime: 1.25       length: 1250       level: -1    stb: 1    
id: "ID00228"	runtime: 32.88      length: 32880      level: -1    stb: 3    
id: "ID00229"	runtime: 0.69       length: 690        level: -1    stb: 1    
id: "ID00230"	runtime: 27.28      length: 27280      level: -1    stb: 3    
id: "ID00231"	runtime: 0.7        length: 700        level: -1    stb: 1    
id: "ID00232"	runtime: 42.05      length: 42050      level: -1    stb: 3    
id: "ID00233"	runtime: 0.55       length: 550        level: -1    stb: 1    
id: "ID00234"	runtime: 45.76      length: 45760      level: -1    stb: 3    
id: "ID00235"	runtime: 1.21       length: 1210       level: -1    stb: 1    
id: "ID00236"	runtime: 46.88      length: 46880      level: -1    stb: 3    
id: "ID00237"	runtime: 1.25       length: 1250       level: -1    stb: 1    
id: "ID00238"	runtime: 100.07     length: 100070     level: -1    stb: 126  
id: "ID00239"	runtime: 29.5       length: 29500      level: -1    stb: 3    
id: "ID00240"	runtime: 0.89       length: 890        level: -1    stb: 1    
id: "ID00241"	runtime: 57.79      length: 57790      level: -1    stb: 3    
id: "ID00242"	runtime: 1.01       length: 1010       level: -1    stb: 1    
id: "ID00243"	runtime: 43.41      length: 43410      level: -1    stb: 3    
id: "ID00244"	runtime: 1.14       length: 1140       level: -1    stb: 1    
id: "ID00245"	runtime: 22.41      length: 22410      level: -1    stb: 3    
id: "ID00246"	runtime: 1.27       length: 1270       level: -1    stb: 1    
id: "ID00247"	runtime: 29.32      length: 29320      level: -1    stb: 3    
id: "ID00248"	runtime: 1.44       length: 1440       level: -1    stb: 1    
id: "ID00249"	runtime: 62.44      length: 62440      level: -1    stb: 3    
id: "ID00250"	runtime: 1.51       length: 1510       level: -1    stb: 1    
id: "ID00251"	runtime: 51.55      length: 51550      level: -1    stb: 3    
id: "ID00252"	runtime: 0.89       length: 890        level: -1    stb: 1    
id: "ID00253"	runtime: 61.08      length: 61080      level: -1    stb: 3    
id: "ID00254"	runtime: 0.59       length: 590        level: -1    stb: 1    
id: "ID00255"	runtime: 29.88      length: 29880      level: -1    stb: 3    
id: "ID00256"	runtime: 0.69       length: 690        level: -1    stb: 1    
id: "ID00257"	runtime: 48.5       length: 48500      level: -1    stb: 3    
id: "ID00258"	runtime: 0.73       length: 730        level: -1    stb: 1    
id: "ID00259"	runtime: 41.34      length: 41340      level: -1    stb: 3    
id: "ID00260"	runtime: 1.62       length: 1620       level: -1    stb: 1    
id: "ID00261"	runtime: 24.26      length: 24260      level: -1    stb: 3    
id: "ID00262"	runtime: 0.88       length: 880        level: -1    stb: 1    
id: "ID00263"	runtime: 33.76      length: 33760      level: -1    stb: 3    
id: "ID00264"	runtime: 1.63       length: 1630       level: -1    stb: 1    
id: "ID00265"	runtime: 43.07      length: 43070      level: -1    stb: 3    
id: "ID00266"	runtime: 1.06       length: 1060       level: -1    stb: 1    
id: "ID00267"	runtime: 63.96      length: 63960      level: -1    stb: 3    
id: "ID00268"	runtime: 1.04       length: 1040       level: -1    stb: 1    
id: "ID00269"	runtime: 29.13      length: 29130      level: -1    stb: 3    
id: "ID00270"	runtime: 0.78       length: 780        level: -1    stb: 1    
id: "ID00271"	runtime: 61.16      length: 61160      level: -1    stb: 3    
id: "ID00272"	runtime: 0.61       length: 610        level: -1    stb: 1    
id: "ID00273"	runtime: 31.89      length: 31890      level: -1    stb: 3    
id: "ID00274"	runtime: 0.74       length: 740        level: -1    stb: 1    
id: "ID00275"	runtime: 54.1       length: 54100      level: -1    stb: 3    
id: "ID00276"	runtime: 0.75       length: 750        level: -1    stb: 1    
id: "ID00277"	runtime: 56.55      length: 56550      level: -1    stb: 3    
id: "ID00278"	runtime: 1.47       length: 1470       level: -1    stb: 1    
id: "ID00279"	runtime: 22.37      length: 22370      level: -1    stb: 3    
id: "ID00280"	runtime: 1.12       length: 1120       level: -1    stb: 1    
id: "ID00281"	runtime: 46.1       length: 46100      level: -1    stb: 3    
id: "ID00282"	runtime: 0.79       length: 790        level: -1    stb: 1    
id: "ID00283"	runtime: 52.65      length: 52650      level: -1    stb: 3    
id: "ID00284"	runtime: 0.66       length: 660        level: -1    stb: 1    
id: "ID00285"	runtime: 33.56      length: 33560      level: -1    stb: 3    
id: "ID00286"	runtime: 0.68       length: 680        level: -1    stb: 1    
id: "ID00287"	runtime: 22.34      length: 22340      level: -1    stb: 3    
id: "ID00288"	runtime: 0.81       length: 810        level: -1    stb: 1    
id: "ID00289"	runtime: 42.25      length: 42250      level: -1    stb: 3    
id: "ID00290"	runtime: 1.45       length: 1450       level: -1    stb: 1    
id: "ID00291"	runtime: 53.55      length: 53550      level: -1    stb: 3    
id: "ID00292"	runtime: 0.78       length: 780        level: -1    stb: 1    
id: "ID00293"	runtime: 41.81      length: 41810      level: -1    stb: 3    
id: "ID00294"	runtime: 0.91       length: 910        level: -1    stb: 1    
id: "ID00295"	runtime: 26.16      length: 26160      level: -1    stb: 3    
id: "ID00296"	runtime: 0.59       length: 590        level: -1    stb: 1    
id: "ID00297"	runtime: 49.37      length: 49370      level: -1    stb: 3    
id: "ID00298"	runtime: 1.34       length: 1340       level: -1    stb: 1    
id: "ID00299"	runtime: 55.05      length: 55050      level: -1    stb: 3    
id: "ID00300"	runtime: 0.55       length: 550        level: -1    stb: 1    
id: "ID00301"	runtime: 46.55      length: 46550      level: -1    stb: 3    
id: "ID00302"	runtime: 0.56       length: 560        level: -1    stb: 1    
id: "ID00303"	runtime: 59.81      length: 59810      level: -1    stb: 3    
id: "ID00304"	runtime: 1.45       length: 1450       level: -1    stb: 1    
id: "ID00305"	runtime: 54.13      length: 54130      level: -1    stb: 3    
id: "ID00306"	runtime: 1.36       length: 1360       level: -1    stb: 1    
id: "ID00307"	runtime: 38.19      length: 38190      level: -1    stb: 3    
id: "ID00308"	runtime: 0.93       length: 930        level: -1    stb: 1    
id: "ID00309"	runtime: 33.85      length: 33850      level: -1    stb: 3    
id: "ID00310"	runtime: 1.0        length: 1000       level: -1    stb: 1    
id: "ID00311"	runtime: 62.92      length: 62920      level: -1    stb: 3    
id: "ID00312"	runtime: 1.55       length: 1550       level: -1    stb: 1    
id: "ID00313"	runtime: 33.66      length: 33660      level: -1    stb: 3    
id: "ID00314"	runtime: 1.37       length: 1370       level: -1    stb: 1    
id: "ID00315"	runtime: 38.21      length: 38210      level: -1    stb: 3    
id: "ID00316"	runtime: 0.91       length: 910        level: -1    stb: 1    
id: "ID00317"	runtime: 41.73      length: 41730      level: -1    stb: 3    
id: "ID00318"	runtime: 0.94       length: 940        level: -1    stb: 1    
id: "ID00319"	runtime: 29.18      length: 29180      level: -1    stb: 3    
id: "ID00320"	runtime: 0.62       length: 620        level: -1    stb: 1    
id: "ID00321"	runtime: 60.54      length: 60540      level: -1    stb: 3    
id: "ID00322"	runtime: 1.48       length: 1480       level: -1    stb: 1    
id: "ID00323"	runtime: 28.24      length: 28240      level: -1    stb: 3    
id: "ID00324"	runtime: 1.16       length: 1160       level: -1    stb: 1    
id: "ID00325"	runtime: 51.72      length: 51720      level: -1    stb: 3    
id: "ID00326"	runtime: 1.33       length: 1330       level: -1    stb: 1    
id: "ID00327"	runtime: 33.39      length: 33390      level: -1    stb: 3    
id: "ID00328"	runtime: 1.01       length: 1010       level: -1    stb: 1    
id: "ID00329"	runtime: 61.83      length: 61830      level: -1    stb: 3    
id: "ID00330"	runtime: 0.7        length: 700        level: -1    stb: 1    
id: "ID00331"	runtime: 64.86      length: 64860      level: -1    stb: 3    
id: "ID00332"	runtime: 1.3        length: 1300       level: -1    stb: 1    
id: "ID00333"	runtime: 47.62      length: 47620      level: -1    stb: 3    
id: "ID00334"	runtime: 0.82       length: 820        level: -1    stb: 1    
id: "ID00335"	runtime: 53.44      length: 53440      level: -1    stb: 3    
id: "ID00336"	runtime: 0.93       length: 930        level: -1    stb: 1    
id: "ID00337"	runtime: 62.97      length: 62970      level: -1    stb: 3    
id: "ID00338"	runtime: 1.3        length: 1300       level: -1    stb: 1    
id: "ID00339"	runtime: 53.06      length: 53060      level: -1    stb: 3    
id: "ID00340"	runtime: 1.61       length: 1610       level: -1    stb: 1    
id: "ID00341"	runtime: 25.24      length: 25240      level: -1    stb: 3    
id: "ID00342"	runtime: 1.3        length: 1300       level: -1    stb: 1    
id: "ID00343"	runtime: 48.79      length: 48790      level: -1    stb: 3    
id: "ID00344"	runtime: 0.92       length: 920        level: -1    stb: 1    
id: "ID00345"	runtime: 51.09      length: 51090      level: -1    stb: 3    
id: "ID00346"	runtime: 1.37       length: 1370       level: -1    stb: 1    
id: "ID00347"	runtime: 25.66      length: 25660      level: -1    stb: 3    
id: "ID00348"	runtime: 0.74       length: 740        level: -1    stb: 1    
id: "ID00349"	runtime: 35.25      length: 35250      level: -1    stb: 3    
id: "ID00350"	runtime: 0.99       length: 990        level: -1    stb: 1    
id: "ID00351"	runtime: 63.42      length: 63420      level: -1    stb: 3    
id: "ID00352"	runtime: 0.73       length: 730        level: -1    stb: 1    
id: "ID00353"	runtime: 36.61      length: 36610      level: -1    stb: 3    
id: "ID00354"	runtime: 1.12       length: 1120       level: -1    stb: 1    
id: "ID00355"	runtime: 55.15      length: 55150      level: -1    stb: 3    
id: "ID00356"	runtime: 1.07       length: 1070       level: -1    stb: 1    
id: "ID00357"	runtime: 32.71      length: 32710      level: -1    stb: 3    
id: "ID00358"	runtime: 0.76       length: 760        level: -1    stb: 1    
id: "ID00359"	runtime: 64.97      length: 64970      level: -1    stb: 3    
id: "ID00360"	runtime: 0.57       length: 570        level: -1    stb: 1    
id: "ID00361"	runtime: 42.25      length: 42250      level: -1    stb: 3    
id: "ID00362"	runtime: 1.49       length: 1490       level: -1    stb: 1    
id: "ID00363"	runtime: 71.57      length: 71570      level: -1    stb: 138  
id: "ID00364"	runtime: 51.44      length: 51440      level: -1    stb: 3    
id: "ID00365"	runtime: 1.09       length: 1090       level: -1    stb: 1    
id: "ID00366"	runtime: 24.62      length: 24620      level: -1    stb: 3    
id: "ID00367"	runtime: 1.28       length: 1280       level: -1    stb: 1    
id: "ID00368"	runtime: 61.91      length: 61910      level: -1    stb: 3    
id: "ID00369"	runtime: 0.85       length: 850        level: -1    stb: 1    
id: "ID00370"	runtime: 38.18      length: 38180      level: -1    stb: 3    
id: "ID00371"	runtime: 0.7        length: 700        level: -1    stb: 1    
id: "ID00372"	runtime: 54.49      length: 54490      level: -1    stb: 3    
id: "ID00373"	runtime: 0.67       length: 670        level: -1    stb: 1    
id: "ID00374"	runtime: 29.67      length: 29670      level: -1    stb: 3    
id: "ID00375"	runtime: 1.17       length: 1170       level: -1    stb: 1    
id: "ID00376"	runtime: 34.73      length: 34730      level: -1    stb: 3    
id: "ID00377"	runtime: 0.57       length: 570        level: -1    stb: 1    
id: "ID00378"	runtime: 64.32      length: 64319      level: -1    stb: 3    
id: "ID00379"	runtime: 1.05       length: 1050       level: -1    stb: 1    
id: "ID00380"	runtime: 50.78      length: 50780      level: -1    stb: 3    
id: "ID00381"	runtime: 0.85       length: 850        level: -1    stb: 1    
id: "ID00382"	runtime: 38.26      length: 38260      level: -1    stb: 3    
id: "ID00383"	runtime: 0.62       length: 620        level: -1    stb: 1    
id: "ID00384"	runtime: 55.53      length: 55530      level: -1    stb: 3    
id: "ID00385"	runtime: 1.08       length: 1080       level: -1    stb: 1    
id: "ID00386"	runtime: 43.42      length: 43420      level: -1    stb: 3    
id: "ID00387"	runtime: 0.92       length: 920        level: -1    stb: 1    
id: "ID00388"	runtime: 40.98      length: 40980      level: -1    stb: 3    
id: "ID00389"	runtime: 1.32       length: 1320       level: -1    stb: 1    
id: "ID00390"	runtime: 47.08      length: 47080      level: -1    stb: 3    
id: "ID00391"	runtime: 1.08       length: 1080       level: -1    stb: 1    
id: "ID00392"	runtime: 26.24      length: 26240      level: -1    stb: 3    
id: "ID00393"	runtime: 1.42       length: 1420       level: -1    stb: 1    
id: "ID00394"	runtime: 60.24      length: 60240      level: -1    stb: 3    
id: "ID00395"	runtime: 0.68       length: 680        level: -1    stb: 1    
id: "ID00396"	runtime: 36.91      length: 36910      level: -1    stb: 3    
id: "ID00397"	runtime: 1.53       length: 1530       level: -1    stb: 1    
id: "ID00398"	runtime: 60.43      length: 60430      level: -1    stb: 3    
id: "ID00399"	runtime: 1.46       length: 1460       level: -1    stb: 1    
id: "ID00400"	runtime: 41.49      length: 41490      level: -1    stb: 3    
id: "ID00401"	runtime: 0.62       length: 620        level: -1    stb: 1    
id: "ID00402"	runtime: 47.15      length: 47150      level: -1    stb: 3    
id: "ID00403"	runtime: 1.29       length: 1290       level: -1    stb: 1    
id: "ID00404"	runtime: 53.61      length: 53610      level: -1    stb: 3    
id: "ID00405"	runtime: 1.05       length: 1050       level: -1    stb: 1    
id: "ID00406"	runtime: 40.73      length: 40730      level: -1    stb: 3    
id: "ID00407"	runtime: 1.2        length: 1200       level: -1    stb: 1    
id: "ID00408"	runtime: 60.58      length: 60580      level: -1    stb: 3    
id: "ID00409"	runtime: 1.58       length: 1580       level: -1    stb: 1    
id: "ID00410"	runtime: 43.62      length: 43620      level: -1    stb: 3    
id: "ID00411"	runtime: 1.28       length: 1280       level: -1    stb: 1    
id: "ID00412"	runtime: 45.16      length: 45160      level: -1    stb: 3    
id: "ID00413"	runtime: 1.13       length: 1130       level: -1    stb: 1    
id: "ID00414"	runtime: 35.05      length: 35050      level: -1    stb: 3    
id: "ID00415"	runtime: 1.59       length: 1590       level: -1    stb: 1    
id: "ID00416"	runtime: 36.6       length: 36600      level: -1    stb: 3    
id: "ID00417"	runtime: 1.41       length: 1410       level: -1    stb: 1    
id: "ID00418"	runtime: 22.87      length: 22870      level: -1    stb: 3    
id: "ID00419"	runtime: 1.23       length: 1230       level: -1    stb: 1    
id: "ID00420"	runtime: 41.01      length: 41010      level: -1    stb: 3    
id: "ID00421"	runtime: 1.6        length: 1600       level: -1    stb: 1    
id: "ID00422"	runtime: 34.4       length: 34400      level: -1    stb: 3    
id: "ID00423"	runtime: 0.92       length: 920        level: -1    stb: 1    
id: "ID00424"	runtime: 48.56      length: 48560      level: -1    stb: 3    
id: "ID00425"	runtime: 0.68       length: 680        level: -1    stb: 1    
id: "ID00426"	runtime: 24.2       length: 24200      level: -1    stb: 3    
id: "ID00427"	runtime: 1.56       length: 1560       level: -1    stb: 1    
id: "ID00428"	runtime: 39.58      length: 39580      level: -1    stb: 3    
id: "ID00429"	runtime: 1.34       length: 1340       level: -1    stb: 1    
id: "ID00430"	runtime: 45.87      length: 45870      level: -1    stb: 3    
id: "ID00431"	runtime: 1.43       length: 1430       level: -1    stb: 1    
id: "ID00432"	runtime: 41.51      length: 41510      level: -1    stb: 3    
id: "ID00433"	runtime: 1.14       length: 1140       level: -1    stb: 1    
id: "ID00434"	runtime: 32.3       length: 32299      level: -1    stb: 3    
id: "ID00435"	runtime: 1.14       length: 1140       level: -1    stb: 1    
id: "ID00436"	runtime: 48.35      length: 48350      level: -1    stb: 3    
id: "ID00437"	runtime: 1.14       length: 1140       level: -1    stb: 1    
id: "ID00438"	runtime: 53.72      length: 53720      level: -1    stb: 3    
id: "ID00439"	runtime: 0.78       length: 780        level: -1    stb: 1    
id: "ID00440"	runtime: 45.17      length: 45170      level: -1    stb: 3    
id: "ID00441"	runtime: 1.59       length: 1590       level: -1    stb: 1    
id: "ID00442"	runtime: 35.65      length: 35650      level: -1    stb: 3    
id: "ID00443"	runtime: 0.58       length: 580        level: -1    stb: 1    
id: "ID00444"	runtime: 28.5       length: 28500      level: -1    stb: 3    
id: "ID00445"	runtime: 1.58       length: 1580       level: -1    stb: 1    
id: "ID00446"	runtime: 56.53      length: 56530      level: -1    stb: 3    
id: "ID00447"	runtime: 1.2        length: 1200       level: -1    stb: 1    
id: "ID00448"	runtime: 44.66      length: 44660      level: -1    stb: 3    
id: "ID00449"	runtime: 1.51       length: 1510       level: -1    stb: 1    
id: "ID00450"	runtime: 26.55      length: 26550      level: -1    stb: 3    
id: "ID00451"	runtime: 1.02       length: 1020       level: -1    stb: 1    
id: "ID00452"	runtime: 57.53      length: 57530      level: -1    stb: 3    
id: "ID00453"	runtime: 0.7        length: 700        level: -1    stb: 1    
id: "ID00454"	runtime: 36.73      length: 36730      level: -1    stb: 3    
id: "ID00455"	runtime: 0.58       length: 580        level: -1    stb: 1    
id: "ID00456"	runtime: 63.51      length: 63510      level: -1    stb: 3    
id: "ID00457"	runtime: 0.99       length: 990        level: -1    stb: 1    
id: "ID00458"	runtime: 24.67      length: 24670      level: -1    stb: 3    
id: "ID00459"	runtime: 0.65       length: 650        level: -1    stb: 1    
id: "ID00460"	runtime: 22.13      length: 22130      level: -1    stb: 3    
id: "ID00461"	runtime: 1.14       length: 1140       level: -1    stb: 1    
id: "ID00462"	runtime: 50.7       length: 50700      level: -1    stb: 3    
id: "ID00463"	runtime: 0.75       length: 750        level: -1    stb: 1    
id: "ID00464"	runtime: 45.41      length: 45410      level: -1    stb: 3    
id: "ID00465"	runtime: 1.38       length: 1380       level: -1    stb: 1    
id: "ID00466"	runtime: 46.58      length: 46580      level: -1    stb: 3    
id: "ID00467"	runtime: 1.29       length: 1290       level: -1    stb: 1    
id: "ID00468"	runtime: 61.3       length: 61300      level: -1    stb: 3    
id: "ID00469"	runtime: 0.67       length: 670        level: -1    stb: 1    
id: "ID00470"	runtime: 47.11      length: 47110      level: -1    stb: 3    
id: "ID00471"	runtime: 1.13       length: 1130       level: -1    stb: 1    
id: "ID00472"	runtime: 23.97      length: 23970      level: -1    stb: 3    
id: "ID00473"	runtime: 0.92       length: 920        level: -1    stb: 1    
id: "ID00474"	runtime: 34.26      length: 34260      level: -1    stb: 3    
id: "ID00475"	runtime: 1.58       length: 1580       level: -1    stb: 1    
id: "ID00476"	runtime: 26.4       length: 26400      level: -1    stb: 3    
id: "ID00477"	runtime: 1.22       length: 1220       level: -1    stb: 1    
id: "ID00478"	runtime: 45.56      length: 45560      level: -1    stb: 3    
id: "ID00479"	runtime: 1.4        length: 1400       level: -1    stb: 1    
id: "ID00480"	runtime: 54.7       length: 54700      level: -1    stb: 3    
id: "ID00481"	runtime: 1.39       length: 1390       level: -1    stb: 1    
id: "ID00482"	runtime: 21.91      length: 21910      level: -1    stb: 3    
id: "ID00483"	runtime: 1.15       length: 1150       level: -1    stb: 1    
id: "ID00484"	runtime: 26.58      length: 26580      level: -1    stb: 3    
id: "ID00485"	runtime: 1.38       length: 1380       level: -1    stb: 1    
id: "ID00486"	runtime: 42.13      length: 42130      level: -1    stb: 3    
id: "ID00487"	runtime: 1.27       length: 1270       level: -1    stb: 1    
id: "ID00488"	runtime: 22.23      length: 22230      level: -1    stb: 3    
id: "ID00489"	runtime: 0.85       length: 850        level: -1    stb: 1    
id: "ID00490"	runtime: 30.13      length: 30130      level: -1    stb: 3    
id: "ID00491"	runtime: 1.17       length: 1170       level: -1    stb: 1    
id: "ID00492"	runtime: 58.13      length: 58130      level: -1    stb: 3    
id: "ID00493"	runtime: 1.34       length: 1340       level: -1    stb: 1    
id: "ID00494"	runtime: 32.21      length: 32210      level: -1    stb: 3    
id: "ID00495"	runtime: 1.41       length: 1410       level: -1    stb: 1    
id: "ID00496"	runtime: 29.81      length: 29810      level: -1    stb: 3    
id: "ID00497"	runtime: 0.93       length: 930        level: -1    stb: 1    
id: "ID00498"	runtime: 33.3       length: 33300      level: -1    stb: 3    
id: "ID00499"	runtime: 1.25       length: 1250       level: -1    stb: 1    
