id: "ID00000"	runtime: 18.81      length: 18810      level: -1    stb: 0    
id: "ID00001"	runtime: 18.0       length: 18000      level: -1    stb: 0    
id: "ID00002"	runtime: 17.84      length: 17840      level: -1    stb: 0    
id: "ID00003"	runtime: 17.8       length: 17800      level: -1    stb: 0    
id: "ID00004"	runtime: 17.96      length: 17960      level: -1    stb: 0    
id: "ID00005"	runtime: 18.28      length: 18280      level: -1    stb: 0    
id: "ID00006"	runtime: 18.51      length: 18510      level: -1    stb: 0    
id: "ID00007"	runtime: 18.19      length: 18190      level: -1    stb: 0    
id: "ID00008"	runtime: 18.41      length: 18410      level: -1    stb: 0    
id: "ID00009"	runtime: 18.39      length: 18390      level: -1    stb: 0    
id: "ID00010"	runtime: 18.11      length: 18110      level: -1    stb: 0    
id: "ID00011"	runtime: 18.03      length: 18030      level: -1    stb: 0    
id: "ID00012"	runtime: 18.9       length: 18900      level: -1    stb: 0    
id: "ID00013"	runtime: 17.1       length: 17100      level: -1    stb: 0    
id: "ID00014"	runtime: 18.76      length: 18760      level: -1    stb: 0    
id: "ID00015"	runtime: 18.17      length: 18170      level: -1    stb: 0    
id: "ID00016"	runtime: 17.81      length: 17810      level: -1    stb: 0    
id: "ID00017"	runtime: 18.81      length: 18810      level: -1    stb: 0    
id: "ID00018"	runtime: 17.6       length: 17600      level: -1    stb: 0    
id: "ID00019"	runtime: 18.86      length: 18860      level: -1    stb: 0    
id: "ID00020"	runtime: 17.79      length: 17790      level: -1    stb: 0    
id: "ID00021"	runtime: 18.35      length: 18350      level: -1    stb: 0    
id: "ID00022"	runtime: 18.05      length: 18050      level: -1    stb: 0    
id: "ID00023"	runtime: 17.35      length: 17350      level: -1    stb: 0    
id: "ID00024"	runtime: 18.1       length: 18100      level: -1    stb: 0    
id: "ID00025"	runtime: 17.53      length: 17530      level: -1    stb: 0    
id: "ID00026"	runtime: 17.44      length: 17440      level: -1    stb: 0    
id: "ID00027"	runtime: 17.5       length: 17500      level: -1    stb: 0    
id: "ID00028"	runtime: 18.5       length: 18500      level: -1    stb: 0    
id: "ID00029"	runtime: 18.19      length: 18190      level: -1    stb: 0    
id: "ID00030"	runtime: 17.94      length: 17940      level: -1    stb: 0    
id: "ID00031"	runtime: 18.16      length: 18160      level: -1    stb: 0    
id: "ID00032"	runtime: 18.73      length: 18730      level: -1    stb: 0    
id: "ID00033"	runtime: 18.21      length: 18210      level: -1    stb: 0    
id: "ID00034"	runtime: 18.07      length: 18070      level: -1    stb: 0    
id: "ID00035"	runtime: 17.72      length: 17720      level: -1    stb: 0    
id: "ID00036"	runtime: 18.64      length: 18640      level: -1    stb: 0    
id: "ID00037"	runtime: 17.67      length: 17670      level: -1    stb: 0    
id: "ID00038"	runtime: 18.29      length: 18290      level: -1    stb: 0    
id: "ID00039"	runtime: 18.08      length: 18080      level: -1    stb: 0    
id: "ID00040"	runtime: 18.64      length: 18640      level: -1    stb: 0    
id: "ID00041"	runtime: 17.56      length: 17560      level: -1    stb: 0    
id: "ID00042"	runtime: 17.89      length: 17890      level: -1    stb: 0    
id: "ID00043"	runtime: 18.43      length: 18430      level: -1    stb: 0    
id: "ID00044"	runtime: 18.35      length: 18350      level: -1    stb: 0    
id: "ID00045"	runtime: 17.54      length: 17540      level: -1    stb: 0    
id: "ID00046"	runtime: 18.52      length: 18520      level: -1    stb: 0    
id: "ID00047"	runtime: 18.13      length: 18130      level: -1    stb: 0    
id: "ID00048"	runtime: 18.48      length: 18480      level: -1    stb: 0    
id: "ID00049"	runtime: 18.52      length: 18520      level: -1    stb: 0    
id: "ID00050"	runtime: 17.8       length: 17800      level: -1    stb: 0    
id: "ID00051"	runtime: 17.98      length: 17980      level: -1    stb: 0    
id: "ID00052"	runtime: 17.9       length: 17900      level: -1    stb: 0    
id: "ID00053"	runtime: 17.68      length: 17680      level: -1    stb: 0    
id: "ID00054"	runtime: 18.11      length: 18110      level: -1    stb: 0    
id: "ID00055"	runtime: 18.43      length: 18430      level: -1    stb: 0    
id: "ID00056"	runtime: 18.6       length: 18600      level: -1    stb: 0    
id: "ID00057"	runtime: 18.55      length: 18550      level: -1    stb: 0    
id: "ID00058"	runtime: 18.14      length: 18140      level: -1    stb: 0    
id: "ID00059"	runtime: 18.22      length: 18220      level: -1    stb: 0    
id: "ID00060"	runtime: 17.88      length: 17880      level: -1    stb: 0    
id: "ID00061"	runtime: 18.17      length: 18170      level: -1    stb: 0    
id: "ID00062"	runtime: 17.86      length: 17860      level: -1    stb: 0    
id: "ID00063"	runtime: 18.6       length: 18600      level: -1    stb: 0    
id: "ID00064"	runtime: 18.65      length: 18650      level: -1    stb: 0    
id: "ID00065"	runtime: 17.82      length: 17820      level: -1    stb: 0    
id: "ID00066"	runtime: 18.32      length: 18320      level: -1    stb: 0    
id: "ID00067"	runtime: 18.14      length: 18140      level: -1    stb: 0    
id: "ID00068"	runtime: 17.6       length: 17600      level: -1    stb: 0    
id: "ID00069"	runtime: 18.35      length: 18350      level: -1    stb: 0    
id: "ID00070"	runtime: 18.09      length: 18090      level: -1    stb: 0    
id: "ID00071"	runtime: 17.92      length: 17920      level: -1    stb: 0    
id: "ID00072"	runtime: 18.82      length: 18820      level: -1    stb: 0    
id: "ID00073"	runtime: 17.91      length: 17910      level: -1    stb: 0    
id: "ID00074"	runtime: 17.28      length: 17280      level: -1    stb: 0    
id: "ID00075"	runtime: 18.13      length: 18130      level: -1    stb: 0    
id: "ID00076"	runtime: 18.04      length: 18040      level: -1    stb: 0    
id: "ID00077"	runtime: 18.39      length: 18390      level: -1    stb: 0    
id: "ID00078"	runtime: 18.42      length: 18420      level: -1    stb: 0    
id: "ID00079"	runtime: 18.23      length: 18230      level: -1    stb: 0    
id: "ID00080"	runtime: 17.6       length: 17600      level: -1    stb: 0    
id: "ID00081"	runtime: 18.17      length: 18170      level: -1    stb: 0    
id: "ID00082"	runtime: 17.6       length: 17600      level: -1    stb: 0    
id: "ID00083"	runtime: 17.73      length: 17730      level: -1    stb: 0    
id: "ID00084"	runtime: 18.08      length: 18080      level: -1    stb: 0    
id: "ID00085"	runtime: 18.64      length: 18640      level: -1    stb: 0    
id: "ID00086"	runtime: 18.28      length: 18280      level: -1    stb: 0    
id: "ID00087"	runtime: 18.39      length: 18390      level: -1    stb: 0    
id: "ID00088"	runtime: 16.63      length: 16630      level: -1    stb: 0    
id: "ID00089"	runtime: 18.68      length: 18680      level: -1    stb: 0    
id: "ID00090"	runtime: 17.74      length: 17740      level: -1    stb: 0    
id: "ID00091"	runtime: 18.14      length: 18140      level: -1    stb: 0    
id: "ID00092"	runtime: 18.41      length: 18410      level: -1    stb: 0    
id: "ID00093"	runtime: 18.12      length: 18120      level: -1    stb: 0    
id: "ID00094"	runtime: 18.08      length: 18080      level: -1    stb: 0    
id: "ID00095"	runtime: 18.24      length: 18240      level: -1    stb: 0    
id: "ID00096"	runtime: 18.42      length: 18420      level: -1    stb: 0    
id: "ID00097"	runtime: 18.22      length: 18220      level: -1    stb: 0    
id: "ID00098"	runtime: 18.05      length: 18050      level: -1    stb: 0    
id: "ID00099"	runtime: 17.71      length: 17710      level: -1    stb: 0    
id: "ID00100"	runtime: 18.3       length: 18300      level: -1    stb: 0    
id: "ID00101"	runtime: 17.47      length: 17470      level: -1    stb: 0    
id: "ID00102"	runtime: 18.35      length: 18350      level: -1    stb: 0    
id: "ID00103"	runtime: 17.87      length: 17870      level: -1    stb: 0    
id: "ID00104"	runtime: 17.26      length: 17260      level: -1    stb: 0    
id: "ID00105"	runtime: 19.1       length: 19100      level: -1    stb: 0    
id: "ID00106"	runtime: 17.71      length: 17710      level: -1    stb: 0    
id: "ID00107"	runtime: 18.0       length: 18000      level: -1    stb: 0    
id: "ID00108"	runtime: 18.01      length: 18010      level: -1    stb: 0    
id: "ID00109"	runtime: 665.09     length: 665090     level: -1    stb: 0    
id: "ID00110"	runtime: 510.18     length: 510180     level: -1    stb: 0    
id: "ID00111"	runtime: 267.27     length: 267270     level: -1    stb: 0    
id: "ID00112"	runtime: 537.31     length: 537310     level: -1    stb: 0    
id: "ID00113"	runtime: 344.84     length: 344840     level: -1    stb: 0    
id: "ID00114"	runtime: 461.24     length: 461240     level: -1    stb: 0    
id: "ID00115"	runtime: 452.58     length: 452580     level: -1    stb: 0    
id: "ID00116"	runtime: 278.09     length: 278090     level: -1    stb: 0    
id: "ID00117"	runtime: 677.75     length: 677750     level: -1    stb: 0    
id: "ID00118"	runtime: 417.14     length: 417140     level: -1    stb: 0    
id: "ID00119"	runtime: 270.62     length: 270620     level: -1    stb: 0    
id: "ID00120"	runtime: 572.79     length: 572790     level: -1    stb: 0    
id: "ID00121"	runtime: 492.62     length: 492620     level: -1    stb: 0    
id: "ID00122"	runtime: 287.73     length: 287730     level: -1    stb: 0    
id: "ID00123"	runtime: 589.8      length: 589800     level: -1    stb: 0    
id: "ID00124"	runtime: 529.77     length: 529770     level: -1    stb: 0    
id: "ID00125"	runtime: 375.66     length: 375660     level: -1    stb: 0    
id: "ID00126"	runtime: 569.87     length: 569870     level: -1    stb: 0    
id: "ID00127"	runtime: 524.59     length: 524590     level: -1    stb: 0    
id: "ID00128"	runtime: 545.33     length: 545330     level: -1    stb: 0    
id: "ID00129"	runtime: 461.99     length: 461990     level: -1    stb: 0    
id: "ID00130"	runtime: 419.63     length: 419630     level: -1    stb: 0    
id: "ID00131"	runtime: 265.96     length: 265960     level: -1    stb: 0    
id: "ID00132"	runtime: 361.33     length: 361330     level: -1    stb: 0    
id: "ID00133"	runtime: 548.43     length: 548430     level: -1    stb: 0    
id: "ID00134"	runtime: 273.17     length: 273170     level: -1    stb: 0    
id: "ID00135"	runtime: 324.58     length: 324580     level: -1    stb: 0    
id: "ID00136"	runtime: 637.41     length: 637410     level: -1    stb: 0    
id: "ID00137"	runtime: 509.07     length: 509070     level: -1    stb: 0    
id: "ID00138"	runtime: 301.57     length: 301570     level: -1    stb: 0    
id: "ID00139"	runtime: 514.92     length: 514919     level: -1    stb: 0    
id: "ID00140"	runtime: 572.71     length: 572710     level: -1    stb: 0    
id: "ID00141"	runtime: 687.39     length: 687390     level: -1    stb: 0    
id: "ID00142"	runtime: 545.21     length: 545210     level: -1    stb: 0    
id: "ID00143"	runtime: 667.78     length: 667780     level: -1    stb: 0    
id: "ID00144"	runtime: 299.49     length: 299490     level: -1    stb: 0    
id: "ID00145"	runtime: 334.18     length: 334180     level: -1    stb: 0    
id: "ID00146"	runtime: 577.63     length: 577630     level: -1    stb: 0    
id: "ID00147"	runtime: 662.84     length: 662840     level: -1    stb: 0    
id: "ID00148"	runtime: 287.52     length: 287520     level: -1    stb: 0    
id: "ID00149"	runtime: 322.64     length: 322640     level: -1    stb: 0    
id: "ID00150"	runtime: 400.15     length: 400150     level: -1    stb: 0    
id: "ID00151"	runtime: 267.41     length: 267410     level: -1    stb: 0    
id: "ID00152"	runtime: 561.35     length: 561350     level: -1    stb: 0    
id: "ID00153"	runtime: 571.38     length: 571380     level: -1    stb: 0    
id: "ID00154"	runtime: 602.97     length: 602970     level: -1    stb: 0    
id: "ID00155"	runtime: 330.64     length: 330640     level: -1    stb: 0    
id: "ID00156"	runtime: 415.52     length: 415520     level: -1    stb: 0    
id: "ID00157"	runtime: 371.83     length: 371830     level: -1    stb: 0    
id: "ID00158"	runtime: 231.39     length: 231390     level: -1    stb: 0    
id: "ID00159"	runtime: 669.2      length: 669200     level: -1    stb: 0    
id: "ID00160"	runtime: 512.46     length: 512460     level: -1    stb: 0    
id: "ID00161"	runtime: 536.79     length: 536790     level: -1    stb: 0    
id: "ID00162"	runtime: 244.62     length: 244620     level: -1    stb: 0    
id: "ID00163"	runtime: 283.06     length: 283060     level: -1    stb: 0    
id: "ID00164"	runtime: 479.38     length: 479380     level: -1    stb: 0    
id: "ID00165"	runtime: 606.47     length: 606470     level: -1    stb: 0    
id: "ID00166"	runtime: 459.66     length: 459660     level: -1    stb: 0    
id: "ID00167"	runtime: 484.57     length: 484570     level: -1    stb: 0    
id: "ID00168"	runtime: 635.63     length: 635630     level: -1    stb: 0    
id: "ID00169"	runtime: 401.35     length: 401350     level: -1    stb: 0    
id: "ID00170"	runtime: 346.43     length: 346430     level: -1    stb: 0    
id: "ID00171"	runtime: 564.38     length: 564380     level: -1    stb: 0    
id: "ID00172"	runtime: 548.66     length: 548660     level: -1    stb: 0    
id: "ID00173"	runtime: 440.05     length: 440050     level: -1    stb: 0    
id: "ID00174"	runtime: 527.08     length: 527080     level: -1    stb: 0    
id: "ID00175"	runtime: 496.63     length: 496630     level: -1    stb: 0    
id: "ID00176"	runtime: 468.93     length: 468930     level: -1    stb: 0    
id: "ID00177"	runtime: 509.01     length: 509010     level: -1    stb: 0    
id: "ID00178"	runtime: 573.05     length: 573050     level: -1    stb: 0    
id: "ID00179"	runtime: 668.26     length: 668260     level: -1    stb: 0    
id: "ID00180"	runtime: 546.64     length: 546640     level: -1    stb: 0    
id: "ID00181"	runtime: 568.85     length: 568850     level: -1    stb: 0    
id: "ID00182"	runtime: 301.74     length: 301740     level: -1    stb: 0    
id: "ID00183"	runtime: 603.72     length: 603720     level: -1    stb: 0    
id: "ID00184"	runtime: 341.58     length: 341580     level: -1    stb: 0    
id: "ID00185"	runtime: 285.16     length: 285160     level: -1    stb: 0    
id: "ID00186"	runtime: 418.94     length: 418940     level: -1    stb: 0    
id: "ID00187"	runtime: 506.93     length: 506930     level: -1    stb: 0    
id: "ID00188"	runtime: 482.78     length: 482780     level: -1    stb: 0    
id: "ID00189"	runtime: 275.48     length: 275480     level: -1    stb: 0    
id: "ID00190"	runtime: 386.36     length: 386360     level: -1    stb: 0    
id: "ID00191"	runtime: 642.44     length: 642440     level: -1    stb: 0    
id: "ID00192"	runtime: 575.61     length: 575610     level: -1    stb: 0    
id: "ID00193"	runtime: 608.4      length: 608400     level: -1    stb: 0    
id: "ID00194"	runtime: 424.12     length: 424120     level: -1    stb: 0    
id: "ID00195"	runtime: 263.91     length: 263910     level: -1    stb: 0    
id: "ID00196"	runtime: 569.86     length: 569860     level: -1    stb: 0    
id: "ID00197"	runtime: 551.08     length: 551080     level: -1    stb: 0    
id: "ID00198"	runtime: 530.72     length: 530720     level: -1    stb: 0    
id: "ID00199"	runtime: 545.94     length: 545940     level: -1    stb: 0    
id: "ID00200"	runtime: 276.67     length: 276670     level: -1    stb: 0    
id: "ID00201"	runtime: 539.31     length: 539310     level: -1    stb: 0    
id: "ID00202"	runtime: 442.72     length: 442720     level: -1    stb: 0    
id: "ID00203"	runtime: 570.98     length: 570980     level: -1    stb: 0    
id: "ID00204"	runtime: 414.09     length: 414090     level: -1    stb: 0    
id: "ID00205"	runtime: 242.73     length: 242730     level: -1    stb: 0    
id: "ID00206"	runtime: 444.47     length: 444470     level: -1    stb: 0    
id: "ID00207"	runtime: 404.15     length: 404150     level: -1    stb: 0    
id: "ID00208"	runtime: 392.31     length: 392310     level: -1    stb: 0    
id: "ID00209"	runtime: 637.41     length: 637410     level: -1    stb: 0    
id: "ID00210"	runtime: 440.59     length: 440590     level: -1    stb: 0    
id: "ID00211"	runtime: 245.04     length: 245040     level: -1    stb: 0    
id: "ID00212"	runtime: 675.29     length: 675290     level: -1    stb: 0    
id: "ID00213"	runtime: 484.2      length: 484200     level: -1    stb: 0    
id: "ID00214"	runtime: 382.39     length: 382390     level: -1    stb: 0    
id: "ID00215"	runtime: 309.88     length: 309880     level: -1    stb: 0    
id: "ID00216"	runtime: 674.96     length: 674960     level: -1    stb: 0    
id: "ID00217"	runtime: 558.3      length: 558300     level: -1    stb: 0    
id: "ID00218"	runtime: 5.6        length: 5600       level: -1    stb: 0    
id: "ID00219"	runtime: 5.31       length: 5310       level: -1    stb: 0    
id: "ID00220"	runtime: 5.45       length: 5450       level: -1    stb: 0    
id: "ID00221"	runtime: 5.23       length: 5230       level: -1    stb: 0    
id: "ID00222"	runtime: 5.57       length: 5570       level: -1    stb: 0    
id: "ID00223"	runtime: 5.66       length: 5660       level: -1    stb: 0    
id: "ID00224"	runtime: 5.68       length: 5680       level: -1    stb: 0    
id: "ID00225"	runtime: 5.34       length: 5340       level: -1    stb: 0    
id: "ID00226"	runtime: 5.11       length: 5110       level: -1    stb: 0    
id: "ID00227"	runtime: 5.16       length: 5160       level: -1    stb: 0    
id: "ID00228"	runtime: 5.31       length: 5310       level: -1    stb: 0    
id: "ID00229"	runtime: 5.13       length: 5130       level: -1    stb: 0    
id: "ID00230"	runtime: 5.49       length: 5490       level: -1    stb: 0    
id: "ID00231"	runtime: 5.47       length: 5470       level: -1    stb: 0    
id: "ID00232"	runtime: 5.17       length: 5170       level: -1    stb: 0    
id: "ID00233"	runtime: 5.09       length: 5090       level: -1    stb: 0    
id: "ID00234"	runtime: 5.5        length: 5500       level: -1    stb: 0    
id: "ID00235"	runtime: 5.76       length: 5760       level: -1    stb: 0    
id: "ID00236"	runtime: 5.02       length: 5020       level: -1    stb: 0    
id: "ID00237"	runtime: 5.38       length: 5380       level: -1    stb: 0    
id: "ID00238"	runtime: 4.98       length: 4980       level: -1    stb: 0    
id: "ID00239"	runtime: 6.01       length: 6010       level: -1    stb: 0    
id: "ID00240"	runtime: 5.13       length: 5130       level: -1    stb: 0    
id: "ID00241"	runtime: 5.43       length: 5430       level: -1    stb: 0    
id: "ID00242"	runtime: 5.12       length: 5120       level: -1    stb: 0    
id: "ID00243"	runtime: 5.66       length: 5660       level: -1    stb: 0    
id: "ID00244"	runtime: 5.45       length: 5450       level: -1    stb: 0    
id: "ID00245"	runtime: 5.12       length: 5120       level: -1    stb: 0    
id: "ID00246"	runtime: 4.67       length: 4670       level: -1    stb: 0    
id: "ID00247"	runtime: 5.13       length: 5130       level: -1    stb: 0    
id: "ID00248"	runtime: 4.95       length: 4950       level: -1    stb: 0    
id: "ID00249"	runtime: 5.18       length: 5180       level: -1    stb: 0    
id: "ID00250"	runtime: 5.28       length: 5280       level: -1    stb: 0    
id: "ID00251"	runtime: 5.1        length: 5100       level: -1    stb: 0    
id: "ID00252"	runtime: 4.67       length: 4670       level: -1    stb: 0    
id: "ID00253"	runtime: 5.19       length: 5190       level: -1    stb: 0    
id: "ID00254"	runtime: 4.56       length: 4560       level: -1    stb: 0    
id: "ID00255"	runtime: 5.29       length: 5290       level: -1    stb: 0    
id: "ID00256"	runtime: 5.42       length: 5420       level: -1    stb: 0    
id: "ID00257"	runtime: 5.02       length: 5020       level: -1    stb: 0    
id: "ID00258"	runtime: 4.76       length: 4760       level: -1    stb: 0    
id: "ID00259"	runtime: 5.25       length: 5250       level: -1    stb: 0    
id: "ID00260"	runtime: 5.36       length: 5360       level: -1    stb: 0    
id: "ID00261"	runtime: 4.94       length: 4940       level: -1    stb: 0    
id: "ID00262"	runtime: 4.47       length: 4470       level: -1    stb: 0    
id: "ID00263"	runtime: 5.37       length: 5370       level: -1    stb: 0    
id: "ID00264"	runtime: 5.13       length: 5130       level: -1    stb: 0    
id: "ID00265"	runtime: 5.31       length: 5310       level: -1    stb: 0    
id: "ID00266"	runtime: 4.83       length: 4830       level: -1    stb: 0    
id: "ID00267"	runtime: 5.04       length: 5040       level: -1    stb: 0    
id: "ID00268"	runtime: 4.28       length: 4280       level: -1    stb: 0    
id: "ID00269"	runtime: 5.13       length: 5130       level: -1    stb: 0    
id: "ID00270"	runtime: 5.19       length: 5190       level: -1    stb: 0    
id: "ID00271"	runtime: 4.87       length: 4870       level: -1    stb: 0    
id: "ID00272"	runtime: 4.94       length: 4940       level: -1    stb: 0    
id: "ID00273"	runtime: 5.19       length: 5190       level: -1    stb: 0    
id: "ID00274"	runtime: 4.91       length: 4910       level: -1    stb: 0    
id: "ID00275"	runtime: 5.13       length: 5130       level: -1    stb: 0    
id: "ID00276"	runtime: 5.36       length: 5360       level: -1    stb: 0    
id: "ID00277"	runtime: 4.97       length: 4970       level: -1    stb: 0    
id: "ID00278"	runtime: 5.29       length: 5290       level: -1    stb: 0    
id: "ID00279"	runtime: 5.47       length: 5470       level: -1    stb: 0    
id: "ID00280"	runtime: 4.79       length: 4790       level: -1    stb: 0    
id: "ID00281"	runtime: 4.94       length: 4940       level: -1    stb: 0    
id: "ID00282"	runtime: 5.66       length: 5660       level: -1    stb: 0    
id: "ID00283"	runtime: 5.17       length: 5170       level: -1    stb: 0    
id: "ID00284"	runtime: 5.3        length: 5300       level: -1    stb: 0    
id: "ID00285"	runtime: 5.6        length: 5600       level: -1    stb: 0    
id: "ID00286"	runtime: 5.34       length: 5340       level: -1    stb: 0    
id: "ID00287"	runtime: 5.11       length: 5110       level: -1    stb: 0    
id: "ID00288"	runtime: 4.81       length: 4810       level: -1    stb: 0    
id: "ID00289"	runtime: 4.74       length: 4740       level: -1    stb: 0    
id: "ID00290"	runtime: 5.74       length: 5740       level: -1    stb: 0    
id: "ID00291"	runtime: 5.14       length: 5140       level: -1    stb: 0    
id: "ID00292"	runtime: 4.72       length: 4720       level: -1    stb: 0    
id: "ID00293"	runtime: 5.31       length: 5310       level: -1    stb: 0    
id: "ID00294"	runtime: 4.59       length: 4590       level: -1    stb: 0    
id: "ID00295"	runtime: 5.36       length: 5360       level: -1    stb: 0    
id: "ID00296"	runtime: 5.35       length: 5350       level: -1    stb: 0    
id: "ID00297"	runtime: 5.41       length: 5410       level: -1    stb: 0    
id: "ID00298"	runtime: 5.15       length: 5150       level: -1    stb: 0    
id: "ID00299"	runtime: 5.13       length: 5130       level: -1    stb: 0    
id: "ID00300"	runtime: 5.74       length: 5740       level: -1    stb: 0    
id: "ID00301"	runtime: 5.36       length: 5360       level: -1    stb: 0    
id: "ID00302"	runtime: 4.89       length: 4890       level: -1    stb: 0    
id: "ID00303"	runtime: 5.13       length: 5130       level: -1    stb: 0    
id: "ID00304"	runtime: 5.2        length: 5200       level: -1    stb: 0    
id: "ID00305"	runtime: 5.22       length: 5220       level: -1    stb: 0    
id: "ID00306"	runtime: 4.73       length: 4730       level: -1    stb: 0    
id: "ID00307"	runtime: 5.0        length: 5000       level: -1    stb: 0    
id: "ID00308"	runtime: 4.75       length: 4750       level: -1    stb: 0    
id: "ID00309"	runtime: 4.79       length: 4790       level: -1    stb: 0    
id: "ID00310"	runtime: 5.19       length: 5190       level: -1    stb: 0    
id: "ID00311"	runtime: 5.12       length: 5120       level: -1    stb: 0    
id: "ID00312"	runtime: 5.26       length: 5260       level: -1    stb: 0    
id: "ID00313"	runtime: 4.68       length: 4680       level: -1    stb: 0    
id: "ID00314"	runtime: 5.17       length: 5170       level: -1    stb: 0    
id: "ID00315"	runtime: 4.87       length: 4870       level: -1    stb: 0    
id: "ID00316"	runtime: 4.84       length: 4840       level: -1    stb: 0    
id: "ID00317"	runtime: 5.29       length: 5290       level: -1    stb: 0    
id: "ID00318"	runtime: 4.92       length: 4920       level: -1    stb: 0    
id: "ID00319"	runtime: 5.26       length: 5260       level: -1    stb: 0    
id: "ID00320"	runtime: 4.92       length: 4920       level: -1    stb: 0    
id: "ID00321"	runtime: 5.23       length: 5230       level: -1    stb: 0    
id: "ID00322"	runtime: 5.1        length: 5100       level: -1    stb: 0    
id: "ID00323"	runtime: 5.35       length: 5350       level: -1    stb: 0    
id: "ID00324"	runtime: 5.16       length: 5160       level: -1    stb: 0    
id: "ID00325"	runtime: 4.82       length: 4820       level: -1    stb: 0    
id: "ID00326"	runtime: 5.33       length: 5330       level: -1    stb: 0    
id: "ID00327"	runtime: 5.18       length: 5180       level: -1    stb: 0    
id: "ID00328"	runtime: 4.99       length: 4990       level: -1    stb: 0    
id: "ID00329"	runtime: 5.41       length: 5410       level: -1    stb: 0    
id: "ID00330"	runtime: 4.7        length: 4700       level: -1    stb: 0    
id: "ID00331"	runtime: 5.4        length: 5400       level: -1    stb: 0    
id: "ID00332"	runtime: 5.22       length: 5220       level: -1    stb: 0    
id: "ID00333"	runtime: 4.9        length: 4900       level: -1    stb: 0    
id: "ID00334"	runtime: 4.96       length: 4960       level: -1    stb: 0    
id: "ID00335"	runtime: 5.11       length: 5110       level: -1    stb: 0    
id: "ID00336"	runtime: 4.77       length: 4770       level: -1    stb: 0    
id: "ID00337"	runtime: 4.87       length: 4870       level: -1    stb: 0    
id: "ID00338"	runtime: 5.58       length: 5580       level: -1    stb: 0    
id: "ID00339"	runtime: 4.84       length: 4840       level: -1    stb: 0    
id: "ID00340"	runtime: 4.38       length: 4380       level: -1    stb: 0    
id: "ID00341"	runtime: 5.03       length: 5030       level: -1    stb: 0    
id: "ID00342"	runtime: 5.34       length: 5340       level: -1    stb: 0    
id: "ID00343"	runtime: 4.75       length: 4750       level: -1    stb: 0    
id: "ID00344"	runtime: 4.95       length: 4950       level: -1    stb: 0    
id: "ID00345"	runtime: 4.37       length: 4370       level: -1    stb: 0    
id: "ID00346"	runtime: 5.62       length: 5620       level: -1    stb: 0    
id: "ID00347"	runtime: 5.3        length: 5300       level: -1    stb: 0    
id: "ID00348"	runtime: 5.17       length: 5170       level: -1    stb: 0    
id: "ID00349"	runtime: 5.46       length: 5460       level: -1    stb: 0    
id: "ID00350"	runtime: 4.88       length: 4880       level: -1    stb: 0    
id: "ID00351"	runtime: 5.2        length: 5200       level: -1    stb: 0    
id: "ID00352"	runtime: 5.04       length: 5040       level: -1    stb: 0    
id: "ID00353"	runtime: 5.33       length: 5330       level: -1    stb: 0    
id: "ID00354"	runtime: 4.94       length: 4940       level: -1    stb: 0    
id: "ID00355"	runtime: 5.04       length: 5040       level: -1    stb: 0    
id: "ID00356"	runtime: 5.11       length: 5110       level: -1    stb: 0    
id: "ID00357"	runtime: 5.2        length: 5200       level: -1    stb: 0    
id: "ID00358"	runtime: 5.65       length: 5650       level: -1    stb: 0    
id: "ID00359"	runtime: 513.15     length: 513150     level: -1    stb: 0    
id: "ID00360"	runtime: 333.29     length: 333290     level: -1    stb: 0    
id: "ID00361"	runtime: 284.29     length: 284290     level: -1    stb: 0    
id: "ID00362"	runtime: 571.92     length: 571920     level: -1    stb: 0    
id: "ID00363"	runtime: 238.02     length: 238020     level: -1    stb: 0    
id: "ID00364"	runtime: 684.31     length: 684310     level: -1    stb: 0    
id: "ID00365"	runtime: 534.27     length: 534270     level: -1    stb: 0    
id: "ID00366"	runtime: 477.88     length: 477880     level: -1    stb: 0    
id: "ID00367"	runtime: 502.82     length: 502820     level: -1    stb: 0    
id: "ID00368"	runtime: 341.08     length: 341080     level: -1    stb: 0    
id: "ID00369"	runtime: 386.99     length: 386990     level: -1    stb: 0    
id: "ID00370"	runtime: 260.94     length: 260940     level: -1    stb: 0    
id: "ID00371"	runtime: 452.83     length: 452830     level: -1    stb: 0    
id: "ID00372"	runtime: 655.14     length: 655140     level: -1    stb: 0    
id: "ID00373"	runtime: 682.38     length: 682380     level: -1    stb: 0    
id: "ID00374"	runtime: 549.83     length: 549830     level: -1    stb: 0    
id: "ID00375"	runtime: 337.5      length: 337500     level: -1    stb: 0    
id: "ID00376"	runtime: 350.96     length: 350960     level: -1    stb: 0    
id: "ID00377"	runtime: 332.83     length: 332830     level: -1    stb: 0    
id: "ID00378"	runtime: 260.42     length: 260420     level: -1    stb: 0    
id: "ID00379"	runtime: 447.14     length: 447140     level: -1    stb: 0    
id: "ID00380"	runtime: 637.79     length: 637790     level: -1    stb: 0    
id: "ID00381"	runtime: 390.48     length: 390480     level: -1    stb: 0    
id: "ID00382"	runtime: 659.06     length: 659060     level: -1    stb: 0    
id: "ID00383"	runtime: 487.33     length: 487330     level: -1    stb: 0    
id: "ID00384"	runtime: 653.76     length: 653760     level: -1    stb: 0    
id: "ID00385"	runtime: 413.27     length: 413270     level: -1    stb: 0    
id: "ID00386"	runtime: 242.97     length: 242970     level: -1    stb: 0    
id: "ID00387"	runtime: 510.96     length: 510960     level: -1    stb: 0    
id: "ID00388"	runtime: 249.77     length: 249770     level: -1    stb: 0    
id: "ID00389"	runtime: 247.62     length: 247620     level: -1    stb: 0    
id: "ID00390"	runtime: 406.41     length: 406410     level: -1    stb: 0    
id: "ID00391"	runtime: 679.21     length: 679210     level: -1    stb: 0    
id: "ID00392"	runtime: 337.1      length: 337100     level: -1    stb: 0    
id: "ID00393"	runtime: 477.57     length: 477570     level: -1    stb: 0    
id: "ID00394"	runtime: 626.36     length: 626360     level: -1    stb: 0    
id: "ID00395"	runtime: 508.26     length: 508260     level: -1    stb: 0    
id: "ID00396"	runtime: 453.83     length: 453830     level: -1    stb: 0    
id: "ID00397"	runtime: 313.28     length: 313280     level: -1    stb: 0    
id: "ID00398"	runtime: 407.36     length: 407360     level: -1    stb: 0    
id: "ID00399"	runtime: 644.52     length: 644520     level: -1    stb: 0    
id: "ID00400"	runtime: 492.02     length: 492020     level: -1    stb: 0    
id: "ID00401"	runtime: 362.38     length: 362380     level: -1    stb: 0    
id: "ID00402"	runtime: 333.55     length: 333550     level: -1    stb: 0    
id: "ID00403"	runtime: 259.78     length: 259779     level: -1    stb: 0    
id: "ID00404"	runtime: 673.25     length: 673250     level: -1    stb: 0    
id: "ID00405"	runtime: 285.38     length: 285380     level: -1    stb: 0    
id: "ID00406"	runtime: 670.96     length: 670960     level: -1    stb: 0    
id: "ID00407"	runtime: 665.79     length: 665790     level: -1    stb: 0    
id: "ID00408"	runtime: 405.22     length: 405220     level: -1    stb: 0    
id: "ID00409"	runtime: 329.18     length: 329180     level: -1    stb: 0    
id: "ID00410"	runtime: 319.51     length: 319510     level: -1    stb: 0    
id: "ID00411"	runtime: 254.16     length: 254160     level: -1    stb: 0    
id: "ID00412"	runtime: 560.03     length: 560030     level: -1    stb: 0    
id: "ID00413"	runtime: 657.91     length: 657910     level: -1    stb: 0    
id: "ID00414"	runtime: 628.63     length: 628630     level: -1    stb: 0    
id: "ID00415"	runtime: 387.08     length: 387080     level: -1    stb: 0    
id: "ID00416"	runtime: 477.19     length: 477190     level: -1    stb: 0    
id: "ID00417"	runtime: 303.56     length: 303560     level: -1    stb: 0    
id: "ID00418"	runtime: 342.67     length: 342670     level: -1    stb: 0    
id: "ID00419"	runtime: 613.71     length: 613710     level: -1    stb: 0    
id: "ID00420"	runtime: 365.61     length: 365610     level: -1    stb: 0    
id: "ID00421"	runtime: 459.45     length: 459450     level: -1    stb: 0    
id: "ID00422"	runtime: 614.37     length: 614370     level: -1    stb: 0    
id: "ID00423"	runtime: 368.78     length: 368780     level: -1    stb: 0    
id: "ID00424"	runtime: 589.88     length: 589880     level: -1    stb: 0    
id: "ID00425"	runtime: 671.76     length: 671760     level: -1    stb: 0    
id: "ID00426"	runtime: 417.24     length: 417240     level: -1    stb: 0    
id: "ID00427"	runtime: 460.0      length: 460000     level: -1    stb: 0    
id: "ID00428"	runtime: 302.32     length: 302320     level: -1    stb: 0    
id: "ID00429"	runtime: 613.73     length: 613730     level: -1    stb: 0    
id: "ID00430"	runtime: 457.29     length: 457290     level: -1    stb: 0    
id: "ID00431"	runtime: 664.22     length: 664220     level: -1    stb: 0    
id: "ID00432"	runtime: 679.73     length: 679730     level: -1    stb: 0    
id: "ID00433"	runtime: 540.52     length: 540520     level: -1    stb: 0    
id: "ID00434"	runtime: 468.34     length: 468340     level: -1    stb: 0    
id: "ID00435"	runtime: 554.58     length: 554580     level: -1    stb: 0    
id: "ID00436"	runtime: 447.97     length: 447970     level: -1    stb: 0    
id: "ID00437"	runtime: 272.89     length: 272890     level: -1    stb: 0    
id: "ID00438"	runtime: 434.46     length: 434460     level: -1    stb: 0    
id: "ID00439"	runtime: 683.32     length: 683320     level: -1    stb: 0    
id: "ID00440"	runtime: 247.73     length: 247730     level: -1    stb: 0    
id: "ID00441"	runtime: 407.22     length: 407220     level: -1    stb: 0    
id: "ID00442"	runtime: 548.21     length: 548210     level: -1    stb: 0    
id: "ID00443"	runtime: 420.63     length: 420630     level: -1    stb: 0    
id: "ID00444"	runtime: 281.83     length: 281830     level: -1    stb: 0    
id: "ID00445"	runtime: 660.3      length: 660300     level: -1    stb: 0    
id: "ID00446"	runtime: 406.92     length: 406920     level: -1    stb: 0    
id: "ID00447"	runtime: 378.24     length: 378240     level: -1    stb: 0    
id: "ID00448"	runtime: 608.05     length: 608050     level: -1    stb: 0    
id: "ID00449"	runtime: 376.81     length: 376810     level: -1    stb: 0    
id: "ID00450"	runtime: 490.51     length: 490510     level: -1    stb: 0    
id: "ID00451"	runtime: 449.72     length: 449720     level: -1    stb: 0    
id: "ID00452"	runtime: 445.68     length: 445680     level: -1    stb: 0    
id: "ID00453"	runtime: 635.49     length: 635490     level: -1    stb: 0    
id: "ID00454"	runtime: 613.5      length: 613500     level: -1    stb: 0    
id: "ID00455"	runtime: 363.37     length: 363370     level: -1    stb: 0    
id: "ID00456"	runtime: 622.96     length: 622960     level: -1    stb: 0    
id: "ID00457"	runtime: 365.83     length: 365830     level: -1    stb: 0    
id: "ID00458"	runtime: 363.18     length: 363180     level: -1    stb: 0    
id: "ID00459"	runtime: 440.85     length: 440850     level: -1    stb: 0    
id: "ID00460"	runtime: 459.71     length: 459710     level: -1    stb: 0    
id: "ID00461"	runtime: 651.17     length: 651170     level: -1    stb: 0    
id: "ID00462"	runtime: 390.9      length: 390900     level: -1    stb: 0    
id: "ID00463"	runtime: 319.37     length: 319370     level: -1    stb: 0    
id: "ID00464"	runtime: 656.68     length: 656680     level: -1    stb: 0    
id: "ID00465"	runtime: 626.16     length: 626160     level: -1    stb: 0    
id: "ID00466"	runtime: 334.62     length: 334620     level: -1    stb: 0    
id: "ID00467"	runtime: 305.21     length: 305210     level: -1    stb: 0    
id: "ID00468"	runtime: 635.59     length: 635590     level: -1    stb: 0    
id: "ID00469"	runtime: 436.29     length: 436290     level: -1    stb: 0    
id: "ID00470"	runtime: 277.7      length: 277700     level: -1    stb: 0    
id: "ID00471"	runtime: 564.86     length: 564860     level: -1    stb: 0    
id: "ID00472"	runtime: 265.8      length: 265800     level: -1    stb: 0    
id: "ID00473"	runtime: 583.25     length: 583250     level: -1    stb: 0    
id: "ID00474"	runtime: 654.87     length: 654870     level: -1    stb: 0    
id: "ID00475"	runtime: 655.59     length: 655590     level: -1    stb: 0    
id: "ID00476"	runtime: 375.4      length: 375400     level: -1    stb: 0    
id: "ID00477"	runtime: 460.56     length: 460560     level: -1    stb: 0    
id: "ID00478"	runtime: 5.54       length: 5540       level: -1    stb: 0    
id: "ID00479"	runtime: 5.64       length: 5640       level: -1    stb: 0    
id: "ID00480"	runtime: 5.69       length: 5690       level: -1    stb: 0    
id: "ID00481"	runtime: 5.02       length: 5020       level: -1    stb: 0    
id: "ID00482"	runtime: 5.23       length: 5230       level: -1    stb: 0    
id: "ID00483"	runtime: 5.75       length: 5750       level: -1    stb: 0    
id: "ID00484"	runtime: 5.11       length: 5110       level: -1    stb: 0    
id: "ID00485"	runtime: 5.54       length: 5540       level: -1    stb: 0    
id: "ID00486"	runtime: 5.3        length: 5300       level: -1    stb: 0    
id: "ID00487"	runtime: 5.52       length: 5520       level: -1    stb: 0    
id: "ID00488"	runtime: 5.27       length: 5270       level: -1    stb: 0    
id: "ID00489"	runtime: 5.44       length: 5440       level: -1    stb: 0    
id: "ID00490"	runtime: 5.34       length: 5340       level: -1    stb: 0    
id: "ID00491"	runtime: 5.25       length: 5250       level: -1    stb: 0    
id: "ID00492"	runtime: 5.46       length: 5460       level: -1    stb: 0    
id: "ID00493"	runtime: 5.4        length: 5400       level: -1    stb: 0    
id: "ID00494"	runtime: 5.48       length: 5480       level: -1    stb: 0    
id: "ID00495"	runtime: 5.59       length: 5590       level: -1    stb: 0    
id: "ID00496"	runtime: 5.29       length: 5290       level: -1    stb: 0    
id: "ID00497"	runtime: 5.37       length: 5370       level: -1    stb: 0    
id: "ID00498"	runtime: 5.18       length: 5180       level: -1    stb: 0    
id: "ID00499"	runtime: 5.24       length: 5240       level: -1    stb: 0    
