id: "ID00000"	runtime: 13.57      length: 13570      level: -1    stb: 96   
id: "ID00001"	runtime: 13.64      length: 13640      level: -1    stb: 98   
id: "ID00002"	runtime: 13.63      length: 13630      level: -1    stb: 95   
id: "ID00003"	runtime: 13.48      length: 13480      level: -1    stb: 99   
id: "ID00004"	runtime: 13.96      length: 13960      level: -1    stb: 93   
id: "ID00005"	runtime: 13.64      length: 13640      level: -1    stb: 97   
id: "ID00006"	runtime: 14.11      length: 14110      level: -1    stb: 91   
id: "ID00007"	runtime: 13.52      length: 13520      level: -1    stb: 94   
id: "ID00008"	runtime: 13.57      length: 13570      level: -1    stb: 100  
id: "ID00009"	runtime: 13.57      length: 13570      level: -1    stb: 94   
id: "ID00010"	runtime: 13.81      length: 13810      level: -1    stb: 101  
id: "ID00011"	runtime: 13.42      length: 13420      level: -1    stb: 95   
id: "ID00012"	runtime: 13.3       length: 13300      level: -1    stb: 93   
id: "ID00013"	runtime: 13.95      length: 13950      level: -1    stb: 97   
id: "ID00014"	runtime: 13.78      length: 13780      level: -1    stb: 95   
id: "ID00015"	runtime: 14.09      length: 14090      level: -1    stb: 96   
id: "ID00016"	runtime: 13.11      length: 13110      level: -1    stb: 93   
id: "ID00017"	runtime: 14.0       length: 14000      level: -1    stb: 100  
id: "ID00018"	runtime: 13.72      length: 13720      level: -1    stb: 94   
id: "ID00019"	runtime: 13.54      length: 13540      level: -1    stb: 95   
id: "ID00020"	runtime: 13.84      length: 13840      level: -1    stb: 100  
id: "ID00021"	runtime: 13.56      length: 13560      level: -1    stb: 95   
id: "ID00022"	runtime: 13.45      length: 13450      level: -1    stb: 93   
id: "ID00023"	runtime: 13.65      length: 13650      level: -1    stb: 104  
id: "ID00024"	runtime: 13.67      length: 13670      level: -1    stb: 98   
id: "ID00025"	runtime: 13.4       length: 13400      level: -1    stb: 95   
id: "ID00026"	runtime: 13.35      length: 13350      level: -1    stb: 100  
id: "ID00027"	runtime: 13.92      length: 13920      level: -1    stb: 95   
id: "ID00028"	runtime: 13.12      length: 13120      level: -1    stb: 94   
id: "ID00029"	runtime: 13.72      length: 13720      level: -1    stb: 98   
id: "ID00030"	runtime: 13.51      length: 13510      level: -1    stb: 103  
id: "ID00031"	runtime: 13.36      length: 13360      level: -1    stb: 99   
id: "ID00032"	runtime: 13.86      length: 13860      level: -1    stb: 100  
id: "ID00033"	runtime: 13.67      length: 13670      level: -1    stb: 94   
id: "ID00034"	runtime: 13.98      length: 13980      level: -1    stb: 97   
id: "ID00035"	runtime: 13.89      length: 13890      level: -1    stb: 91   
id: "ID00036"	runtime: 13.26      length: 13260      level: -1    stb: 98   
id: "ID00037"	runtime: 13.2       length: 13200      level: -1    stb: 98   
id: "ID00038"	runtime: 13.43      length: 13430      level: -1    stb: 97   
id: "ID00039"	runtime: 13.82      length: 13820      level: -1    stb: 97   
id: "ID00040"	runtime: 13.47      length: 13470      level: -1    stb: 92   
id: "ID00041"	runtime: 13.09      length: 13090      level: -1    stb: 102  
id: "ID00042"	runtime: 13.29      length: 13290      level: -1    stb: 98   
id: "ID00043"	runtime: 13.44      length: 13440      level: -1    stb: 96   
id: "ID00044"	runtime: 13.5       length: 13500      level: -1    stb: 97   
id: "ID00045"	runtime: 13.81      length: 13810      level: -1    stb: 94   
id: "ID00046"	runtime: 13.66      length: 13660      level: -1    stb: 93   
id: "ID00047"	runtime: 13.19      length: 13190      level: -1    stb: 96   
id: "ID00048"	runtime: 13.15      length: 13150      level: -1    stb: 94   
id: "ID00049"	runtime: 13.8       length: 13800      level: -1    stb: 94   
id: "ID00050"	runtime: 13.8       length: 13800      level: -1    stb: 98   
id: "ID00051"	runtime: 13.29      length: 13290      level: -1    stb: 96   
id: "ID00052"	runtime: 13.58      length: 13580      level: -1    stb: 97   
id: "ID00053"	runtime: 13.48      length: 13480      level: -1    stb: 96   
id: "ID00054"	runtime: 13.91      length: 13910      level: -1    stb: 94   
id: "ID00055"	runtime: 13.41      length: 13410      level: -1    stb: 98   
id: "ID00056"	runtime: 13.92      length: 13920      level: -1    stb: 95   
id: "ID00057"	runtime: 13.31      length: 13310      level: -1    stb: 94   
id: "ID00058"	runtime: 13.46      length: 13460      level: -1    stb: 98   
id: "ID00059"	runtime: 13.2       length: 13200      level: -1    stb: 95   
id: "ID00060"	runtime: 13.5       length: 13500      level: -1    stb: 94   
id: "ID00061"	runtime: 13.17      length: 13170      level: -1    stb: 99   
id: "ID00062"	runtime: 13.4       length: 13400      level: -1    stb: 93   
id: "ID00063"	runtime: 13.61      length: 13610      level: -1    stb: 94   
id: "ID00064"	runtime: 14.09      length: 14090      level: -1    stb: 93   
id: "ID00065"	runtime: 13.75      length: 13750      level: -1    stb: 96   
id: "ID00066"	runtime: 13.61      length: 13610      level: -1    stb: 95   
id: "ID00067"	runtime: 13.79      length: 13790      level: -1    stb: 97   
id: "ID00068"	runtime: 13.73      length: 13730      level: -1    stb: 95   
id: "ID00069"	runtime: 13.75      length: 13750      level: -1    stb: 96   
id: "ID00070"	runtime: 13.69      length: 13690      level: -1    stb: 96   
id: "ID00071"	runtime: 13.55      length: 13550      level: -1    stb: 94   
id: "ID00072"	runtime: 13.51      length: 13510      level: -1    stb: 94   
id: "ID00073"	runtime: 13.54      length: 13540      level: -1    stb: 94   
id: "ID00074"	runtime: 13.34      length: 13340      level: -1    stb: 98   
id: "ID00075"	runtime: 13.8       length: 13800      level: -1    stb: 94   
id: "ID00076"	runtime: 13.75      length: 13750      level: -1    stb: 95   
id: "ID00077"	runtime: 13.7       length: 13700      level: -1    stb: 96   
id: "ID00078"	runtime: 13.74      length: 13740      level: -1    stb: 95   
id: "ID00079"	runtime: 13.75      length: 13750      level: -1    stb: 95   
id: "ID00080"	runtime: 13.41      length: 13410      level: -1    stb: 94   
id: "ID00081"	runtime: 13.51      length: 13510      level: -1    stb: 98   
id: "ID00082"	runtime: 10.62      length: 10620      level: -1    stb: 88   
id: "ID00083"	runtime: 10.58      length: 10580      level: -1    stb: 88   
id: "ID00084"	runtime: 10.61      length: 10610      level: -1    stb: 88   
id: "ID00085"	runtime: 10.79      length: 10790      level: -1    stb: 88   
id: "ID00086"	runtime: 10.51      length: 10510      level: -1    stb: 88   
id: "ID00087"	runtime: 10.68      length: 10680      level: -1    stb: 88   
id: "ID00088"	runtime: 10.78      length: 10780      level: -1    stb: 88   
id: "ID00089"	runtime: 10.52      length: 10520      level: -1    stb: 88   
id: "ID00090"	runtime: 10.52      length: 10520      level: -1    stb: 88   
id: "ID00091"	runtime: 10.8       length: 10800      level: -1    stb: 88   
id: "ID00092"	runtime: 10.55      length: 10550      level: -1    stb: 88   
id: "ID00093"	runtime: 10.72      length: 10720      level: -1    stb: 88   
id: "ID00094"	runtime: 10.57      length: 10570      level: -1    stb: 88   
id: "ID00095"	runtime: 10.41      length: 10410      level: -1    stb: 88   
id: "ID00096"	runtime: 10.56      length: 10560      level: -1    stb: 88   
id: "ID00097"	runtime: 10.71      length: 10710      level: -1    stb: 88   
id: "ID00098"	runtime: 10.61      length: 10610      level: -1    stb: 88   
id: "ID00099"	runtime: 10.56      length: 10560      level: -1    stb: 88   
id: "ID00100"	runtime: 10.52      length: 10520      level: -1    stb: 88   
id: "ID00101"	runtime: 10.59      length: 10590      level: -1    stb: 88   
id: "ID00102"	runtime: 10.56      length: 10560      level: -1    stb: 88   
id: "ID00103"	runtime: 10.66      length: 10660      level: -1    stb: 88   
id: "ID00104"	runtime: 10.45      length: 10450      level: -1    stb: 88   
id: "ID00105"	runtime: 10.53      length: 10530      level: -1    stb: 88   
id: "ID00106"	runtime: 10.43      length: 10430      level: -1    stb: 88   
id: "ID00107"	runtime: 10.72      length: 10720      level: -1    stb: 88   
id: "ID00108"	runtime: 10.43      length: 10430      level: -1    stb: 88   
id: "ID00109"	runtime: 10.64      length: 10640      level: -1    stb: 88   
id: "ID00110"	runtime: 10.58      length: 10580      level: -1    stb: 88   
id: "ID00111"	runtime: 10.61      length: 10610      level: -1    stb: 88   
id: "ID00112"	runtime: 10.6       length: 10600      level: -1    stb: 88   
id: "ID00113"	runtime: 10.75      length: 10750      level: -1    stb: 88   
id: "ID00114"	runtime: 10.57      length: 10570      level: -1    stb: 88   
id: "ID00115"	runtime: 10.43      length: 10430      level: -1    stb: 88   
id: "ID00116"	runtime: 10.58      length: 10580      level: -1    stb: 88   
id: "ID00117"	runtime: 10.58      length: 10580      level: -1    stb: 88   
id: "ID00118"	runtime: 10.6       length: 10600      level: -1    stb: 88   
id: "ID00119"	runtime: 10.65      length: 10650      level: -1    stb: 88   
id: "ID00120"	runtime: 10.46      length: 10460      level: -1    stb: 88   
id: "ID00121"	runtime: 10.63      length: 10630      level: -1    stb: 88   
id: "ID00122"	runtime: 10.59      length: 10590      level: -1    stb: 88   
id: "ID00123"	runtime: 10.66      length: 10660      level: -1    stb: 88   
id: "ID00124"	runtime: 10.7       length: 10700      level: -1    stb: 88   
id: "ID00125"	runtime: 10.73      length: 10730      level: -1    stb: 88   
id: "ID00126"	runtime: 10.61      length: 10610      level: -1    stb: 88   
id: "ID00127"	runtime: 10.69      length: 10690      level: -1    stb: 88   
id: "ID00128"	runtime: 10.67      length: 10670      level: -1    stb: 88   
id: "ID00129"	runtime: 10.75      length: 10750      level: -1    stb: 88   
id: "ID00130"	runtime: 10.61      length: 10610      level: -1    stb: 88   
id: "ID00131"	runtime: 10.62      length: 10620      level: -1    stb: 88   
id: "ID00132"	runtime: 10.45      length: 10450      level: -1    stb: 88   
id: "ID00133"	runtime: 10.6       length: 10600      level: -1    stb: 88   
id: "ID00134"	runtime: 10.52      length: 10520      level: -1    stb: 88   
id: "ID00135"	runtime: 10.69      length: 10690      level: -1    stb: 88   
id: "ID00136"	runtime: 10.63      length: 10630      level: -1    stb: 88   
id: "ID00137"	runtime: 10.49      length: 10490      level: -1    stb: 88   
id: "ID00138"	runtime: 10.53      length: 10530      level: -1    stb: 88   
id: "ID00139"	runtime: 10.55      length: 10550      level: -1    stb: 88   
id: "ID00140"	runtime: 10.79      length: 10790      level: -1    stb: 88   
id: "ID00141"	runtime: 10.72      length: 10720      level: -1    stb: 88   
id: "ID00142"	runtime: 10.52      length: 10520      level: -1    stb: 88   
id: "ID00143"	runtime: 10.83      length: 10830      level: -1    stb: 88   
id: "ID00144"	runtime: 10.58      length: 10580      level: -1    stb: 88   
id: "ID00145"	runtime: 10.64      length: 10640      level: -1    stb: 88   
id: "ID00146"	runtime: 10.66      length: 10660      level: -1    stb: 88   
id: "ID00147"	runtime: 10.64      length: 10640      level: -1    stb: 88   
id: "ID00148"	runtime: 10.52      length: 10520      level: -1    stb: 88   
id: "ID00149"	runtime: 10.53      length: 10530      level: -1    stb: 88   
id: "ID00150"	runtime: 10.46      length: 10460      level: -1    stb: 88   
id: "ID00151"	runtime: 10.6       length: 10600      level: -1    stb: 88   
id: "ID00152"	runtime: 10.6       length: 10600      level: -1    stb: 88   
id: "ID00153"	runtime: 10.42      length: 10420      level: -1    stb: 88   
id: "ID00154"	runtime: 10.72      length: 10720      level: -1    stb: 88   
id: "ID00155"	runtime: 10.56      length: 10560      level: -1    stb: 88   
id: "ID00156"	runtime: 10.67      length: 10670      level: -1    stb: 88   
id: "ID00157"	runtime: 10.35      length: 10350      level: -1    stb: 88   
id: "ID00158"	runtime: 10.56      length: 10560      level: -1    stb: 88   
id: "ID00159"	runtime: 10.52      length: 10520      level: -1    stb: 88   
id: "ID00160"	runtime: 10.48      length: 10480      level: -1    stb: 88   
id: "ID00161"	runtime: 10.7       length: 10700      level: -1    stb: 88   
id: "ID00162"	runtime: 10.45      length: 10450      level: -1    stb: 88   
id: "ID00163"	runtime: 10.72      length: 10720      level: -1    stb: 88   
id: "ID00164"	runtime: 10.65      length: 10650      level: -1    stb: 88   
id: "ID00165"	runtime: 10.52      length: 10520      level: -1    stb: 88   
id: "ID00166"	runtime: 10.44      length: 10440      level: -1    stb: 88   
id: "ID00167"	runtime: 10.56      length: 10560      level: -1    stb: 88   
id: "ID00168"	runtime: 10.51      length: 10510      level: -1    stb: 88   
id: "ID00169"	runtime: 10.54      length: 10540      level: -1    stb: 88   
id: "ID00170"	runtime: 10.63      length: 10630      level: -1    stb: 88   
id: "ID00171"	runtime: 10.69      length: 10690      level: -1    stb: 88   
id: "ID00172"	runtime: 10.8       length: 10800      level: -1    stb: 88   
id: "ID00173"	runtime: 10.76      length: 10760      level: -1    stb: 88   
id: "ID00174"	runtime: 10.62      length: 10620      level: -1    stb: 88   
id: "ID00175"	runtime: 10.53      length: 10530      level: -1    stb: 88   
id: "ID00176"	runtime: 10.55      length: 10550      level: -1    stb: 88   
id: "ID00177"	runtime: 10.56      length: 10560      level: -1    stb: 88   
id: "ID00178"	runtime: 10.57      length: 10570      level: -1    stb: 88   
id: "ID00179"	runtime: 10.76      length: 10760      level: -1    stb: 88   
id: "ID00180"	runtime: 10.59      length: 10590      level: -1    stb: 88   
id: "ID00181"	runtime: 10.6       length: 10600      level: -1    stb: 88   
id: "ID00182"	runtime: 10.5       length: 10500      level: -1    stb: 88   
id: "ID00183"	runtime: 10.52      length: 10520      level: -1    stb: 88   
id: "ID00184"	runtime: 10.67      length: 10670      level: -1    stb: 88   
id: "ID00185"	runtime: 10.8       length: 10800      level: -1    stb: 88   
id: "ID00186"	runtime: 10.61      length: 10610      level: -1    stb: 88   
id: "ID00187"	runtime: 10.57      length: 10570      level: -1    stb: 88   
id: "ID00188"	runtime: 10.66      length: 10660      level: -1    stb: 88   
id: "ID00189"	runtime: 10.58      length: 10580      level: -1    stb: 88   
id: "ID00190"	runtime: 10.56      length: 10560      level: -1    stb: 88   
id: "ID00191"	runtime: 10.84      length: 10840      level: -1    stb: 88   
id: "ID00192"	runtime: 10.73      length: 10730      level: -1    stb: 88   
id: "ID00193"	runtime: 10.72      length: 10720      level: -1    stb: 88   
id: "ID00194"	runtime: 10.64      length: 10640      level: -1    stb: 88   
id: "ID00195"	runtime: 10.49      length: 10490      level: -1    stb: 88   
id: "ID00196"	runtime: 10.47      length: 10470      level: -1    stb: 88   
id: "ID00197"	runtime: 10.55      length: 10550      level: -1    stb: 88   
id: "ID00198"	runtime: 10.67      length: 10670      level: -1    stb: 88   
id: "ID00199"	runtime: 10.66      length: 10660      level: -1    stb: 88   
id: "ID00200"	runtime: 10.46      length: 10460      level: -1    stb: 88   
id: "ID00201"	runtime: 10.6       length: 10600      level: -1    stb: 88   
id: "ID00202"	runtime: 10.58      length: 10580      level: -1    stb: 88   
id: "ID00203"	runtime: 10.61      length: 10610      level: -1    stb: 88   
id: "ID00204"	runtime: 10.63      length: 10630      level: -1    stb: 88   
id: "ID00205"	runtime: 10.75      length: 10750      level: -1    stb: 88   
id: "ID00206"	runtime: 10.41      length: 10410      level: -1    stb: 88   
id: "ID00207"	runtime: 10.6       length: 10600      level: -1    stb: 88   
id: "ID00208"	runtime: 10.63      length: 10630      level: -1    stb: 88   
id: "ID00209"	runtime: 10.66      length: 10660      level: -1    stb: 88   
id: "ID00210"	runtime: 10.66      length: 10660      level: -1    stb: 88   
id: "ID00211"	runtime: 10.56      length: 10560      level: -1    stb: 88   
id: "ID00212"	runtime: 10.54      length: 10540      level: -1    stb: 88   
id: "ID00213"	runtime: 10.38      length: 10380      level: -1    stb: 88   
id: "ID00214"	runtime: 10.72      length: 10720      level: -1    stb: 88   
id: "ID00215"	runtime: 10.78      length: 10780      level: -1    stb: 88   
id: "ID00216"	runtime: 10.53      length: 10530      level: -1    stb: 88   
id: "ID00217"	runtime: 10.75      length: 10750      level: -1    stb: 88   
id: "ID00218"	runtime: 10.61      length: 10610      level: -1    stb: 88   
id: "ID00219"	runtime: 10.57      length: 10570      level: -1    stb: 88   
id: "ID00220"	runtime: 10.73      length: 10730      level: -1    stb: 88   
id: "ID00221"	runtime: 10.57      length: 10570      level: -1    stb: 88   
id: "ID00222"	runtime: 10.53      length: 10530      level: -1    stb: 88   
id: "ID00223"	runtime: 10.76      length: 10760      level: -1    stb: 88   
id: "ID00224"	runtime: 10.48      length: 10480      level: -1    stb: 88   
id: "ID00225"	runtime: 10.57      length: 10570      level: -1    stb: 88   
id: "ID00226"	runtime: 10.56      length: 10560      level: -1    stb: 88   
id: "ID00227"	runtime: 10.68      length: 10680      level: -1    stb: 88   
id: "ID00228"	runtime: 10.8       length: 10800      level: -1    stb: 88   
id: "ID00229"	runtime: 10.62      length: 10620      level: -1    stb: 88   
id: "ID00230"	runtime: 10.59      length: 10590      level: -1    stb: 88   
id: "ID00231"	runtime: 10.63      length: 10630      level: -1    stb: 88   
id: "ID00232"	runtime: 10.51      length: 10510      level: -1    stb: 88   
id: "ID00233"	runtime: 10.57      length: 10570      level: -1    stb: 88   
id: "ID00234"	runtime: 10.68      length: 10680      level: -1    stb: 88   
id: "ID00235"	runtime: 10.49      length: 10490      level: -1    stb: 88   
id: "ID00236"	runtime: 10.64      length: 10640      level: -1    stb: 88   
id: "ID00237"	runtime: 10.49      length: 10490      level: -1    stb: 88   
id: "ID00238"	runtime: 10.42      length: 10420      level: -1    stb: 88   
id: "ID00239"	runtime: 10.66      length: 10660      level: -1    stb: 88   
id: "ID00240"	runtime: 10.63      length: 10630      level: -1    stb: 88   
id: "ID00241"	runtime: 10.5       length: 10500      level: -1    stb: 88   
id: "ID00242"	runtime: 10.35      length: 10350      level: -1    stb: 88   
id: "ID00243"	runtime: 10.57      length: 10570      level: -1    stb: 88   
id: "ID00244"	runtime: 10.76      length: 10760      level: -1    stb: 88   
id: "ID00245"	runtime: 10.63      length: 10630      level: -1    stb: 88   
id: "ID00246"	runtime: 10.59      length: 10590      level: -1    stb: 88   
id: "ID00247"	runtime: 10.74      length: 10740      level: -1    stb: 88   
id: "ID00248"	runtime: 10.46      length: 10460      level: -1    stb: 88   
id: "ID00249"	runtime: 10.5       length: 10500      level: -1    stb: 88   
id: "ID00250"	runtime: 10.74      length: 10740      level: -1    stb: 88   
id: "ID00251"	runtime: 10.55      length: 10550      level: -1    stb: 88   
id: "ID00252"	runtime: 10.53      length: 10530      level: -1    stb: 88   
id: "ID00253"	runtime: 10.64      length: 10640      level: -1    stb: 88   
id: "ID00254"	runtime: 10.45      length: 10450      level: -1    stb: 88   
id: "ID00255"	runtime: 10.53      length: 10530      level: -1    stb: 88   
id: "ID00256"	runtime: 10.57      length: 10570      level: -1    stb: 88   
id: "ID00257"	runtime: 10.42      length: 10420      level: -1    stb: 88   
id: "ID00258"	runtime: 10.58      length: 10580      level: -1    stb: 88   
id: "ID00259"	runtime: 10.69      length: 10690      level: -1    stb: 88   
id: "ID00260"	runtime: 10.66      length: 10660      level: -1    stb: 88   
id: "ID00261"	runtime: 10.49      length: 10490      level: -1    stb: 88   
id: "ID00262"	runtime: 10.58      length: 10580      level: -1    stb: 88   
id: "ID00263"	runtime: 10.73      length: 10730      level: -1    stb: 88   
id: "ID00264"	runtime: 10.67      length: 10670      level: -1    stb: 88   
id: "ID00265"	runtime: 10.66      length: 10660      level: -1    stb: 88   
id: "ID00266"	runtime: 10.64      length: 10640      level: -1    stb: 88   
id: "ID00267"	runtime: 10.61      length: 10610      level: -1    stb: 88   
id: "ID00268"	runtime: 10.52      length: 10520      level: -1    stb: 88   
id: "ID00269"	runtime: 10.53      length: 10530      level: -1    stb: 88   
id: "ID00270"	runtime: 10.46      length: 10460      level: -1    stb: 88   
id: "ID00271"	runtime: 10.6       length: 10600      level: -1    stb: 88   
id: "ID00272"	runtime: 10.69      length: 10690      level: -1    stb: 88   
id: "ID00273"	runtime: 10.66      length: 10660      level: -1    stb: 88   
id: "ID00274"	runtime: 10.72      length: 10720      level: -1    stb: 88   
id: "ID00275"	runtime: 10.47      length: 10470      level: -1    stb: 88   
id: "ID00276"	runtime: 10.74      length: 10740      level: -1    stb: 88   
id: "ID00277"	runtime: 10.56      length: 10560      level: -1    stb: 88   
id: "ID00278"	runtime: 10.54      length: 10540      level: -1    stb: 88   
id: "ID00279"	runtime: 10.42      length: 10420      level: -1    stb: 88   
id: "ID00280"	runtime: 10.68      length: 10680      level: -1    stb: 88   
id: "ID00281"	runtime: 10.69      length: 10690      level: -1    stb: 88   
id: "ID00282"	runtime: 10.52      length: 10520      level: -1    stb: 88   
id: "ID00283"	runtime: 10.63      length: 10630      level: -1    stb: 88   
id: "ID00284"	runtime: 10.78      length: 10780      level: -1    stb: 88   
id: "ID00285"	runtime: 10.49      length: 10490      level: -1    stb: 88   
id: "ID00286"	runtime: 10.63      length: 10630      level: -1    stb: 88   
id: "ID00287"	runtime: 10.51      length: 10510      level: -1    stb: 88   
id: "ID00288"	runtime: 10.4       length: 10400      level: -1    stb: 88   
id: "ID00289"	runtime: 10.64      length: 10640      level: -1    stb: 88   
id: "ID00290"	runtime: 10.48      length: 10480      level: -1    stb: 88   
id: "ID00291"	runtime: 10.66      length: 10660      level: -1    stb: 88   
id: "ID00292"	runtime: 10.37      length: 10370      level: -1    stb: 88   
id: "ID00293"	runtime: 10.62      length: 10620      level: -1    stb: 88   
id: "ID00294"	runtime: 10.63      length: 10630      level: -1    stb: 88   
id: "ID00295"	runtime: 10.56      length: 10560      level: -1    stb: 88   
id: "ID00296"	runtime: 10.71      length: 10710      level: -1    stb: 88   
id: "ID00297"	runtime: 10.49      length: 10490      level: -1    stb: 88   
id: "ID00298"	runtime: 10.67      length: 10670      level: -1    stb: 88   
id: "ID00299"	runtime: 10.48      length: 10480      level: -1    stb: 88   
id: "ID00300"	runtime: 10.62      length: 10620      level: -1    stb: 88   
id: "ID00301"	runtime: 10.53      length: 10530      level: -1    stb: 88   
id: "ID00302"	runtime: 10.57      length: 10570      level: -1    stb: 88   
id: "ID00303"	runtime: 10.54      length: 10540      level: -1    stb: 88   
id: "ID00304"	runtime: 10.33      length: 10330      level: -1    stb: 88   
id: "ID00305"	runtime: 10.78      length: 10780      level: -1    stb: 88   
id: "ID00306"	runtime: 10.62      length: 10620      level: -1    stb: 88   
id: "ID00307"	runtime: 10.67      length: 10670      level: -1    stb: 88   
id: "ID00308"	runtime: 10.68      length: 10680      level: -1    stb: 88   
id: "ID00309"	runtime: 10.4       length: 10400      level: -1    stb: 88   
id: "ID00310"	runtime: 10.64      length: 10640      level: -1    stb: 88   
id: "ID00311"	runtime: 10.63      length: 10630      level: -1    stb: 88   
id: "ID00312"	runtime: 10.57      length: 10570      level: -1    stb: 88   
id: "ID00313"	runtime: 10.55      length: 10550      level: -1    stb: 88   
id: "ID00314"	runtime: 10.57      length: 10570      level: -1    stb: 88   
id: "ID00315"	runtime: 10.7       length: 10700      level: -1    stb: 88   
id: "ID00316"	runtime: 10.52      length: 10520      level: -1    stb: 88   
id: "ID00317"	runtime: 10.65      length: 10650      level: -1    stb: 88   
id: "ID00318"	runtime: 10.56      length: 10560      level: -1    stb: 88   
id: "ID00319"	runtime: 10.48      length: 10480      level: -1    stb: 88   
id: "ID00320"	runtime: 10.74      length: 10740      level: -1    stb: 88   
id: "ID00321"	runtime: 10.44      length: 10440      level: -1    stb: 88   
id: "ID00322"	runtime: 10.49      length: 10490      level: -1    stb: 88   
id: "ID00323"	runtime: 10.57      length: 10570      level: -1    stb: 88   
id: "ID00324"	runtime: 10.64      length: 10640      level: -1    stb: 88   
id: "ID00325"	runtime: 10.51      length: 10510      level: -1    stb: 88   
id: "ID00326"	runtime: 10.67      length: 10670      level: -1    stb: 88   
id: "ID00327"	runtime: 10.55      length: 10550      level: -1    stb: 88   
id: "ID00328"	runtime: 10.69      length: 10690      level: -1    stb: 88   
id: "ID00329"	runtime: 10.47      length: 10470      level: -1    stb: 88   
id: "ID00330"	runtime: 10.57      length: 10570      level: -1    stb: 88   
id: "ID00331"	runtime: 10.54      length: 10540      level: -1    stb: 88   
id: "ID00332"	runtime: 10.78      length: 10780      level: -1    stb: 88   
id: "ID00333"	runtime: 10.71      length: 10710      level: -1    stb: 88   
id: "ID00334"	runtime: 10.66      length: 10660      level: -1    stb: 88   
id: "ID00335"	runtime: 10.58      length: 10580      level: -1    stb: 88   
id: "ID00336"	runtime: 10.57      length: 10570      level: -1    stb: 88   
id: "ID00337"	runtime: 10.59      length: 10590      level: -1    stb: 88   
id: "ID00338"	runtime: 10.64      length: 10640      level: -1    stb: 88   
id: "ID00339"	runtime: 10.58      length: 10580      level: -1    stb: 88   
id: "ID00340"	runtime: 10.65      length: 10650      level: -1    stb: 88   
id: "ID00341"	runtime: 10.71      length: 10710      level: -1    stb: 88   
id: "ID00342"	runtime: 10.61      length: 10610      level: -1    stb: 88   
id: "ID00343"	runtime: 10.47      length: 10470      level: -1    stb: 88   
id: "ID00344"	runtime: 10.64      length: 10640      level: -1    stb: 88   
id: "ID00345"	runtime: 10.57      length: 10570      level: -1    stb: 88   
id: "ID00346"	runtime: 10.46      length: 10460      level: -1    stb: 88   
id: "ID00347"	runtime: 10.64      length: 10640      level: -1    stb: 88   
id: "ID00348"	runtime: 10.63      length: 10630      level: -1    stb: 88   
id: "ID00349"	runtime: 10.58      length: 10580      level: -1    stb: 88   
id: "ID00350"	runtime: 10.61      length: 10610      level: -1    stb: 88   
id: "ID00351"	runtime: 10.6       length: 10600      level: -1    stb: 88   
id: "ID00352"	runtime: 10.57      length: 10570      level: -1    stb: 88   
id: "ID00353"	runtime: 10.59      length: 10590      level: -1    stb: 88   
id: "ID00354"	runtime: 10.64      length: 10640      level: -1    stb: 88   
id: "ID00355"	runtime: 10.54      length: 10540      level: -1    stb: 88   
id: "ID00356"	runtime: 10.67      length: 10670      level: -1    stb: 88   
id: "ID00357"	runtime: 10.65      length: 10650      level: -1    stb: 88   
id: "ID00358"	runtime: 10.59      length: 10590      level: -1    stb: 88   
id: "ID00359"	runtime: 10.48      length: 10480      level: -1    stb: 88   
id: "ID00360"	runtime: 10.54      length: 10540      level: -1    stb: 88   
id: "ID00361"	runtime: 10.69      length: 10690      level: -1    stb: 88   
id: "ID00362"	runtime: 10.62      length: 10620      level: -1    stb: 88   
id: "ID00363"	runtime: 10.39      length: 10390      level: -1    stb: 88   
id: "ID00364"	runtime: 10.42      length: 10420      level: -1    stb: 88   
id: "ID00365"	runtime: 10.43      length: 10430      level: -1    stb: 88   
id: "ID00366"	runtime: 10.55      length: 10550      level: -1    stb: 88   
id: "ID00367"	runtime: 10.69      length: 10690      level: -1    stb: 88   
id: "ID00368"	runtime: 10.65      length: 10650      level: -1    stb: 88   
id: "ID00369"	runtime: 10.69      length: 10690      level: -1    stb: 88   
id: "ID00370"	runtime: 10.51      length: 10510      level: -1    stb: 88   
id: "ID00371"	runtime: 10.59      length: 10590      level: -1    stb: 88   
id: "ID00372"	runtime: 10.38      length: 10380      level: -1    stb: 88   
id: "ID00373"	runtime: 10.53      length: 10530      level: -1    stb: 88   
id: "ID00374"	runtime: 10.54      length: 10540      level: -1    stb: 88   
id: "ID00375"	runtime: 10.8       length: 10800      level: -1    stb: 88   
id: "ID00376"	runtime: 10.6       length: 10600      level: -1    stb: 88   
id: "ID00377"	runtime: 10.76      length: 10760      level: -1    stb: 88   
id: "ID00378"	runtime: 10.43      length: 10430      level: -1    stb: 88   
id: "ID00379"	runtime: 10.64      length: 10640      level: -1    stb: 88   
id: "ID00380"	runtime: 10.66      length: 10660      level: -1    stb: 88   
id: "ID00381"	runtime: 10.61      length: 10610      level: -1    stb: 88   
id: "ID00382"	runtime: 10.57      length: 10570      level: -1    stb: 88   
id: "ID00383"	runtime: 10.48      length: 10480      level: -1    stb: 88   
id: "ID00384"	runtime: 10.73      length: 10730      level: -1    stb: 88   
id: "ID00385"	runtime: 10.52      length: 10520      level: -1    stb: 88   
id: "ID00386"	runtime: 10.54      length: 10540      level: -1    stb: 88   
id: "ID00387"	runtime: 10.59      length: 10590      level: -1    stb: 88   
id: "ID00388"	runtime: 10.44      length: 10440      level: -1    stb: 88   
id: "ID00389"	runtime: 10.51      length: 10510      level: -1    stb: 88   
id: "ID00390"	runtime: 10.63      length: 10630      level: -1    stb: 88   
id: "ID00391"	runtime: 10.49      length: 10490      level: -1    stb: 88   
id: "ID00392"	runtime: 10.56      length: 10560      level: -1    stb: 88   
id: "ID00393"	runtime: 10.61      length: 10610      level: -1    stb: 88   
id: "ID00394"	runtime: 10.67      length: 10670      level: -1    stb: 88   
id: "ID00395"	runtime: 10.74      length: 10740      level: -1    stb: 88   
id: "ID00396"	runtime: 10.62      length: 10620      level: -1    stb: 88   
id: "ID00397"	runtime: 10.52      length: 10520      level: -1    stb: 88   
id: "ID00398"	runtime: 10.56      length: 10560      level: -1    stb: 88   
id: "ID00399"	runtime: 10.49      length: 10490      level: -1    stb: 88   
id: "ID00400"	runtime: 10.51      length: 10510      level: -1    stb: 88   
id: "ID00401"	runtime: 10.51      length: 10510      level: -1    stb: 88   
id: "ID00402"	runtime: 10.55      length: 10550      level: -1    stb: 88   
id: "ID00403"	runtime: 10.57      length: 10570      level: -1    stb: 88   
id: "ID00404"	runtime: 10.56      length: 10560      level: -1    stb: 88   
id: "ID00405"	runtime: 10.42      length: 10420      level: -1    stb: 88   
id: "ID00406"	runtime: 10.62      length: 10620      level: -1    stb: 88   
id: "ID00407"	runtime: 10.58      length: 10580      level: -1    stb: 88   
id: "ID00408"	runtime: 10.71      length: 10710      level: -1    stb: 88   
id: "ID00409"	runtime: 10.51      length: 10510      level: -1    stb: 88   
id: "ID00410"	runtime: 10.6       length: 10600      level: -1    stb: 88   
id: "ID00411"	runtime: 10.6       length: 10600      level: -1    stb: 88   
id: "ID00412"	runtime: 26.4       length: 26400      level: -1    stb: 87   
id: "ID00413"	runtime: 48.67      length: 48670      level: -1    stb: 86   
id: "ID00414"	runtime: 10.8       length: 10800      level: -1    stb: 4    
id: "ID00415"	runtime: 10.95      length: 10950      level: -1    stb: 4    
id: "ID00416"	runtime: 10.72      length: 10720      level: -1    stb: 4    
id: "ID00417"	runtime: 11.07      length: 11070      level: -1    stb: 4    
id: "ID00418"	runtime: 10.76      length: 10760      level: -1    stb: 4    
id: "ID00419"	runtime: 10.86      length: 10860      level: -1    stb: 4    
id: "ID00420"	runtime: 10.79      length: 10790      level: -1    stb: 4    
id: "ID00421"	runtime: 10.7       length: 10700      level: -1    stb: 4    
id: "ID00422"	runtime: 10.85      length: 10850      level: -1    stb: 4    
id: "ID00423"	runtime: 10.8       length: 10800      level: -1    stb: 4    
id: "ID00424"	runtime: 10.87      length: 10870      level: -1    stb: 4    
id: "ID00425"	runtime: 10.63      length: 10630      level: -1    stb: 4    
id: "ID00426"	runtime: 10.85      length: 10850      level: -1    stb: 4    
id: "ID00427"	runtime: 10.97      length: 10970      level: -1    stb: 4    
id: "ID00428"	runtime: 10.81      length: 10810      level: -1    stb: 4    
id: "ID00429"	runtime: 10.73      length: 10730      level: -1    stb: 4    
id: "ID00430"	runtime: 10.73      length: 10730      level: -1    stb: 4    
id: "ID00431"	runtime: 10.6       length: 10600      level: -1    stb: 4    
id: "ID00432"	runtime: 10.89      length: 10890      level: -1    stb: 4    
id: "ID00433"	runtime: 10.75      length: 10750      level: -1    stb: 4    
id: "ID00434"	runtime: 10.88      length: 10880      level: -1    stb: 4    
id: "ID00435"	runtime: 10.78      length: 10780      level: -1    stb: 4    
id: "ID00436"	runtime: 10.8       length: 10800      level: -1    stb: 4    
id: "ID00437"	runtime: 11.06      length: 11060      level: -1    stb: 4    
id: "ID00438"	runtime: 10.87      length: 10870      level: -1    stb: 4    
id: "ID00439"	runtime: 10.93      length: 10930      level: -1    stb: 4    
id: "ID00440"	runtime: 10.76      length: 10760      level: -1    stb: 4    
id: "ID00441"	runtime: 10.98      length: 10980      level: -1    stb: 4    
id: "ID00442"	runtime: 10.67      length: 10670      level: -1    stb: 4    
id: "ID00443"	runtime: 10.69      length: 10690      level: -1    stb: 4    
id: "ID00444"	runtime: 10.88      length: 10880      level: -1    stb: 4    
id: "ID00445"	runtime: 11.11      length: 11110      level: -1    stb: 4    
id: "ID00446"	runtime: 10.86      length: 10860      level: -1    stb: 4    
id: "ID00447"	runtime: 10.58      length: 10580      level: -1    stb: 4    
id: "ID00448"	runtime: 10.45      length: 10450      level: -1    stb: 4    
id: "ID00449"	runtime: 10.61      length: 10610      level: -1    stb: 4    
id: "ID00450"	runtime: 10.62      length: 10620      level: -1    stb: 4    
id: "ID00451"	runtime: 10.61      length: 10610      level: -1    stb: 4    
id: "ID00452"	runtime: 11.08      length: 11080      level: -1    stb: 4    
id: "ID00453"	runtime: 10.89      length: 10890      level: -1    stb: 4    
id: "ID00454"	runtime: 10.67      length: 10670      level: -1    stb: 4    
id: "ID00455"	runtime: 10.49      length: 10490      level: -1    stb: 4    
id: "ID00456"	runtime: 10.8       length: 10800      level: -1    stb: 4    
id: "ID00457"	runtime: 10.91      length: 10910      level: -1    stb: 4    
id: "ID00458"	runtime: 10.53      length: 10530      level: -1    stb: 4    
id: "ID00459"	runtime: 10.44      length: 10440      level: -1    stb: 4    
id: "ID00460"	runtime: 11.1       length: 11100      level: -1    stb: 4    
id: "ID00461"	runtime: 10.55      length: 10550      level: -1    stb: 4    
id: "ID00462"	runtime: 10.92      length: 10920      level: -1    stb: 4    
id: "ID00463"	runtime: 10.71      length: 10710      level: -1    stb: 4    
id: "ID00464"	runtime: 10.92      length: 10920      level: -1    stb: 4    
id: "ID00465"	runtime: 10.59      length: 10590      level: -1    stb: 4    
id: "ID00466"	runtime: 10.39      length: 10390      level: -1    stb: 4    
id: "ID00467"	runtime: 10.57      length: 10570      level: -1    stb: 4    
id: "ID00468"	runtime: 10.53      length: 10530      level: -1    stb: 4    
id: "ID00469"	runtime: 10.83      length: 10830      level: -1    stb: 4    
id: "ID00470"	runtime: 10.85      length: 10850      level: -1    stb: 4    
id: "ID00471"	runtime: 10.51      length: 10510      level: -1    stb: 4    
id: "ID00472"	runtime: 10.55      length: 10550      level: -1    stb: 4    
id: "ID00473"	runtime: 10.77      length: 10770      level: -1    stb: 4    
id: "ID00474"	runtime: 10.71      length: 10710      level: -1    stb: 4    
id: "ID00475"	runtime: 10.63      length: 10630      level: -1    stb: 4    
id: "ID00476"	runtime: 10.61      length: 10610      level: -1    stb: 4    
id: "ID00477"	runtime: 10.64      length: 10640      level: -1    stb: 4    
id: "ID00478"	runtime: 10.41      length: 10410      level: -1    stb: 4    
id: "ID00479"	runtime: 10.77      length: 10770      level: -1    stb: 4    
id: "ID00480"	runtime: 10.58      length: 10580      level: -1    stb: 4    
id: "ID00481"	runtime: 10.77      length: 10770      level: -1    stb: 4    
id: "ID00482"	runtime: 10.77      length: 10770      level: -1    stb: 4    
id: "ID00483"	runtime: 10.83      length: 10830      level: -1    stb: 4    
id: "ID00484"	runtime: 10.89      length: 10890      level: -1    stb: 4    
id: "ID00485"	runtime: 10.69      length: 10690      level: -1    stb: 4    
id: "ID00486"	runtime: 10.95      length: 10950      level: -1    stb: 4    
id: "ID00487"	runtime: 10.55      length: 10550      level: -1    stb: 4    
id: "ID00488"	runtime: 10.96      length: 10960      level: -1    stb: 4    
id: "ID00489"	runtime: 10.92      length: 10920      level: -1    stb: 4    
id: "ID00490"	runtime: 10.86      length: 10860      level: -1    stb: 4    
id: "ID00491"	runtime: 10.76      length: 10760      level: -1    stb: 4    
id: "ID00492"	runtime: 10.45      length: 10450      level: -1    stb: 4    
id: "ID00493"	runtime: 10.91      length: 10910      level: -1    stb: 4    
id: "ID00494"	runtime: 10.79      length: 10790      level: -1    stb: 4    
id: "ID00495"	runtime: 10.8       length: 10800      level: -1    stb: 4    
id: "ID00496"	runtime: 31.83      length: 31830      level: -1    stb: 3    
id: "ID00497"	runtime: 49.45      length: 49450      level: -1    stb: 2    
id: "ID00498"	runtime: 15.64      length: 15640      level: -1    stb: 1    
id: "ID00499"	runtime: 1.18       length: 1180       level: -1    stb: 0    
