id: "ID00000"	runtime: 0.0403     length: 40         level: -1    stb: 0    
id: "ID00001"	runtime: 1.2599     length: 1259       level: -1    stb: 0    
id: "ID00002"	runtime: 0.9334     length: 933        level: -1    stb: 0    
id: "ID00003"	runtime: 1.0699     length: 1069       level: -1    stb: 0    
id: "ID00004"	runtime: 1.0965     length: 1096       level: -1    stb: 0    
id: "ID00005"	runtime: 1.1466     length: 1146       level: -1    stb: 0    
id: "ID00006"	runtime: 1.4074     length: 1407       level: -1    stb: 0    
id: "ID00007"	runtime: 1.7826     length: 1782       level: -1    stb: 0    
id: "ID00008"	runtime: 0.9635     length: 963        level: -1    stb: 0    
id: "ID00009"	runtime: 1.169      length: 1169       level: -1    stb: 0    
id: "ID00010"	runtime: 1.7251     length: 1725       level: -1    stb: 0    
id: "ID00011"	runtime: 1.0069     length: 1006       level: -1    stb: 0    
id: "ID00012"	runtime: 1.4486     length: 1448       level: -1    stb: 0    
id: "ID00013"	runtime: 1.135      length: 1135       level: -1    stb: 0    
id: "ID00014"	runtime: 1.4074     length: 1407       level: -1    stb: 0    
id: "ID00015"	runtime: 1.1687     length: 1168       level: -1    stb: 0    
id: "ID00016"	runtime: 1.0758     length: 1075       level: -1    stb: 0    
id: "ID00017"	runtime: 1.0767     length: 1076       level: -1    stb: 0    
id: "ID00018"	runtime: 0.8879     length: 887        level: -1    stb: 0    
id: "ID00019"	runtime: 1937.5371  length: 1937537    level: -1    stb: 0    
id: "ID00020"	runtime: 40.7325    length: 40732      level: -1    stb: 0    
id: "ID00021"	runtime: 52.6713    length: 52671      level: -1    stb: 0    
id: "ID00022"	runtime: 2337.6324  length: 2337632    level: -1    stb: 0    
id: "ID00023"	runtime: 220.9337   length: 220933     level: -1    stb: 0    
id: "ID00024"	runtime: 1.3746     length: 1374       level: -1    stb: 0    
id: "ID00025"	runtime: 6.5465     length: 6546       level: -1    stb: 0    
id: "ID00026"	runtime: 1254.1157  length: 1254115    level: -1    stb: 0    
id: "ID00027"	runtime: 33.0       length: 33000      level: -1    stb: 0    
id: "ID00028"	runtime: 4.892      length: 4892       level: -1    stb: 0    
id: "ID00029"	runtime: 1.3511     length: 1351       level: -1    stb: 0    
id: "ID00030"	runtime: 0.0697     length: 69         level: -1    stb: 0    
id: "ID00031"	runtime: 1.3624     length: 1362       level: -1    stb: 0    
id: "ID00032"	runtime: 1.2555     length: 1255       level: -1    stb: 0    
id: "ID00033"	runtime: 1.354      length: 1354       level: -1    stb: 0    
id: "ID00034"	runtime: 0.972      length: 972        level: -1    stb: 0    
id: "ID00035"	runtime: 1.2345     length: 1234       level: -1    stb: 0    
id: "ID00036"	runtime: 1.4549     length: 1454       level: -1    stb: 0    
id: "ID00037"	runtime: 1.3599     length: 1359       level: -1    stb: 0    
id: "ID00038"	runtime: 1.2437     length: 1243       level: -1    stb: 0    
id: "ID00039"	runtime: 1.2433     length: 1243       level: -1    stb: 0    
id: "ID00040"	runtime: 1.4679     length: 1467       level: -1    stb: 0    
id: "ID00041"	runtime: 1.1266     length: 1126       level: -1    stb: 0    
id: "ID00042"	runtime: 1.4144     length: 1414       level: -1    stb: 0    
id: "ID00043"	runtime: 1.7217     length: 1721       level: -1    stb: 0    
id: "ID00044"	runtime: 1.1102     length: 1110       level: -1    stb: 0    
id: "ID00045"	runtime: 1.481      length: 1481       level: -1    stb: 0    
id: "ID00046"	runtime: 1.8795     length: 1879       level: -1    stb: 0    
id: "ID00047"	runtime: 1.348      length: 1348       level: -1    stb: 0    
id: "ID00048"	runtime: 1.702      length: 1702       level: -1    stb: 0    
id: "ID00049"	runtime: 824.2084   length: 824208     level: -1    stb: 0    
id: "ID00050"	runtime: 38.0153    length: 38015      level: -1    stb: 0    
id: "ID00051"	runtime: 62.2725    length: 62272      level: -1    stb: 0    
id: "ID00052"	runtime: 2788.6411  length: 2788641    level: -1    stb: 0    
id: "ID00053"	runtime: 466.6994   length: 466699     level: -1    stb: 0    
id: "ID00054"	runtime: 1.7856     length: 1785       level: -1    stb: 0    
id: "ID00055"	runtime: 4.3572     length: 4357       level: -1    stb: 0    
id: "ID00056"	runtime: 1462.6509  length: 1462650    level: -1    stb: 0    
id: "ID00057"	runtime: 33.0       length: 33000      level: -1    stb: 0    
id: "ID00058"	runtime: 5.8548     length: 5854       level: -1    stb: 0    
id: "ID00059"	runtime: 1.2244     length: 1224       level: -1    stb: 0    
id: "ID00060"	runtime: 0.0891     length: 89         level: -1    stb: 0    
id: "ID00061"	runtime: 1.3416     length: 1341       level: -1    stb: 0    
id: "ID00062"	runtime: 1.5946     length: 1594       level: -1    stb: 0    
id: "ID00063"	runtime: 0.8832     length: 883        level: -1    stb: 0    
id: "ID00064"	runtime: 1.0776     length: 1077       level: -1    stb: 0    
id: "ID00065"	runtime: 0.8981     length: 898        level: -1    stb: 0    
id: "ID00066"	runtime: 1.2099     length: 1209       level: -1    stb: 0    
id: "ID00067"	runtime: 1.7348     length: 1734       level: -1    stb: 0    
id: "ID00068"	runtime: 1.4502     length: 1450       level: -1    stb: 0    
id: "ID00069"	runtime: 1.5476     length: 1547       level: -1    stb: 0    
id: "ID00070"	runtime: 1.0507     length: 1050       level: -1    stb: 0    
id: "ID00071"	runtime: 1.5106     length: 1510       level: -1    stb: 0    
id: "ID00072"	runtime: 1.7631     length: 1763       level: -1    stb: 0    
id: "ID00073"	runtime: 0.7548     length: 754        level: -1    stb: 0    
id: "ID00074"	runtime: 1.8245     length: 1824       level: -1    stb: 0    
id: "ID00075"	runtime: 1.3574     length: 1357       level: -1    stb: 0    
id: "ID00076"	runtime: 1.6632     length: 1663       level: -1    stb: 0    
id: "ID00077"	runtime: 1.6791     length: 1679       level: -1    stb: 0    
id: "ID00078"	runtime: 1204.9647  length: 1204964    level: -1    stb: 0    
id: "ID00079"	runtime: 36.7503    length: 36750      level: -1    stb: 0    
id: "ID00080"	runtime: 72.8074    length: 72807      level: -1    stb: 0    
id: "ID00081"	runtime: 3403.6216  length: 3403621    level: -1    stb: 0    
id: "ID00082"	runtime: 304.8067   length: 304806     level: -1    stb: 0    
id: "ID00083"	runtime: 1.7917     length: 1791       level: -1    stb: 0    
id: "ID00084"	runtime: 3.9885     length: 3988       level: -1    stb: 0    
id: "ID00085"	runtime: 1351.8304  length: 1351830    level: -1    stb: 0    
id: "ID00086"	runtime: 33.0       length: 33000      level: -1    stb: 0    
id: "ID00087"	runtime: 3.5824     length: 3582       level: -1    stb: 0    
id: "ID00088"	runtime: 2.316      length: 2316       level: -1    stb: 0    
id: "ID00089"	runtime: 0.055      length: 55         level: -1    stb: 0    
id: "ID00090"	runtime: 1.0429     length: 1042       level: -1    stb: 0    
id: "ID00091"	runtime: 1.5014     length: 1501       level: -1    stb: 0    
id: "ID00092"	runtime: 1.3196     length: 1319       level: -1    stb: 0    
id: "ID00093"	runtime: 1.2446     length: 1244       level: -1    stb: 0    
id: "ID00094"	runtime: 1.4015     length: 1401       level: -1    stb: 0    
id: "ID00095"	runtime: 1.3511     length: 1351       level: -1    stb: 0    
id: "ID00096"	runtime: 1.282      length: 1282       level: -1    stb: 0    
id: "ID00097"	runtime: 1.4772     length: 1477       level: -1    stb: 0    
id: "ID00098"	runtime: 1.1365     length: 1136       level: -1    stb: 0    
id: "ID00099"	runtime: 1.0457     length: 1045       level: -1    stb: 0    
id: "ID00100"	runtime: 1.409      length: 1409       level: -1    stb: 0    
id: "ID00101"	runtime: 1.4884     length: 1488       level: -1    stb: 0    
id: "ID00102"	runtime: 1.5863     length: 1586       level: -1    stb: 0    
id: "ID00103"	runtime: 1.2805     length: 1280       level: -1    stb: 0    
id: "ID00104"	runtime: 0.9575     length: 957        level: -1    stb: 0    
id: "ID00105"	runtime: 0.6593     length: 659        level: -1    stb: 0    
id: "ID00106"	runtime: 1.6309     length: 1630       level: -1    stb: 0    
id: "ID00107"	runtime: 1.289      length: 1289       level: -1    stb: 0    
id: "ID00108"	runtime: 0.8689     length: 868        level: -1    stb: 0    
id: "ID00109"	runtime: 1.542      length: 1542       level: -1    stb: 0    
id: "ID00110"	runtime: 1865.7879  length: 1865787    level: -1    stb: 0    
id: "ID00111"	runtime: 48.6907    length: 48690      level: -1    stb: 0    
id: "ID00112"	runtime: 64.4528    length: 64452      level: -1    stb: 0    
id: "ID00113"	runtime: 1877.8005  length: 1877800    level: -1    stb: 0    
id: "ID00114"	runtime: 185.3039   length: 185303     level: -1    stb: 0    
id: "ID00115"	runtime: 1.8228     length: 1822       level: -1    stb: 0    
id: "ID00116"	runtime: 6.3659     length: 6365       level: -1    stb: 0    
id: "ID00117"	runtime: 1352.8104  length: 1352810    level: -1    stb: 0    
id: "ID00118"	runtime: 33.0       length: 33000      level: -1    stb: 0    
id: "ID00119"	runtime: 5.5354     length: 5535       level: -1    stb: 0    
id: "ID00120"	runtime: 1.0175     length: 1017       level: -1    stb: 0    
id: "ID00121"	runtime: 0.0424     length: 42         level: -1    stb: 0    
id: "ID00122"	runtime: 0.815      length: 815        level: -1    stb: 0    
id: "ID00123"	runtime: 1.3333     length: 1333       level: -1    stb: 0    
id: "ID00124"	runtime: 1.3588     length: 1358       level: -1    stb: 0    
id: "ID00125"	runtime: 1.5367     length: 1536       level: -1    stb: 0    
id: "ID00126"	runtime: 1.631      length: 1631       level: -1    stb: 0    
id: "ID00127"	runtime: 1.4574     length: 1457       level: -1    stb: 0    
id: "ID00128"	runtime: 0.9654     length: 965        level: -1    stb: 0    
id: "ID00129"	runtime: 1.0865     length: 1086       level: -1    stb: 0    
id: "ID00130"	runtime: 1.82       length: 1820       level: -1    stb: 0    
id: "ID00131"	runtime: 1.2284     length: 1228       level: -1    stb: 0    
id: "ID00132"	runtime: 1.5076     length: 1507       level: -1    stb: 0    
id: "ID00133"	runtime: 1.2298     length: 1229       level: -1    stb: 0    
id: "ID00134"	runtime: 1.767      length: 1767       level: -1    stb: 0    
id: "ID00135"	runtime: 1.1493     length: 1149       level: -1    stb: 0    
id: "ID00136"	runtime: 1.2532     length: 1253       level: -1    stb: 0    
id: "ID00137"	runtime: 1.0572     length: 1057       level: -1    stb: 0    
id: "ID00138"	runtime: 1.3431     length: 1343       level: -1    stb: 0    
id: "ID00139"	runtime: 1.105      length: 1105       level: -1    stb: 0    
id: "ID00140"	runtime: 811.3808   length: 811380     level: -1    stb: 0    
id: "ID00141"	runtime: 30.648     length: 30648      level: -1    stb: 0    
id: "ID00142"	runtime: 52.3761    length: 52376      level: -1    stb: 0    
id: "ID00143"	runtime: 1375.7173  length: 1375717    level: -1    stb: 0    
id: "ID00144"	runtime: 315.2146   length: 315214     level: -1    stb: 0    
id: "ID00145"	runtime: 1.3904     length: 1390       level: -1    stb: 0    
id: "ID00146"	runtime: 4.3865     length: 4386       level: -1    stb: 0    
id: "ID00147"	runtime: 1455.179   length: 1455179    level: -1    stb: 0    
id: "ID00148"	runtime: 33.0       length: 33000      level: -1    stb: 0    
id: "ID00149"	runtime: 5.823      length: 5823       level: -1    stb: 0    
id: "ID00150"	runtime: 0.8827     length: 882        level: -1    stb: 0    
id: "ID00151"	runtime: 0.0462     length: 46         level: -1    stb: 0    
id: "ID00152"	runtime: 1.0512     length: 1051       level: -1    stb: 0    
id: "ID00153"	runtime: 1.7807     length: 1780       level: -1    stb: 0    
id: "ID00154"	runtime: 1.574      length: 1574       level: -1    stb: 0    
id: "ID00155"	runtime: 1.3435     length: 1343       level: -1    stb: 0    
id: "ID00156"	runtime: 0.7659     length: 765        level: -1    stb: 0    
id: "ID00157"	runtime: 0.9272     length: 927        level: -1    stb: 0    
id: "ID00158"	runtime: 1.3481     length: 1348       level: -1    stb: 0    
id: "ID00159"	runtime: 1.3997     length: 1399       level: -1    stb: 0    
id: "ID00160"	runtime: 1.0523     length: 1052       level: -1    stb: 0    
id: "ID00161"	runtime: 1.2052     length: 1205       level: -1    stb: 0    
id: "ID00162"	runtime: 1.1658     length: 1165       level: -1    stb: 0    
id: "ID00163"	runtime: 0.8254     length: 825        level: -1    stb: 0    
id: "ID00164"	runtime: 1.3091     length: 1309       level: -1    stb: 0    
id: "ID00165"	runtime: 1.0412     length: 1041       level: -1    stb: 0    
id: "ID00166"	runtime: 1.3555     length: 1355       level: -1    stb: 0    
id: "ID00167"	runtime: 1.258      length: 1258       level: -1    stb: 0    
id: "ID00168"	runtime: 1.5832     length: 1583       level: -1    stb: 0    
id: "ID00169"	runtime: 1.0313     length: 1031       level: -1    stb: 0    
id: "ID00170"	runtime: 0.8729     length: 872        level: -1    stb: 0    
id: "ID00171"	runtime: 1919.3189  length: 1919318    level: -1    stb: 0    
id: "ID00172"	runtime: 34.9755    length: 34975      level: -1    stb: 0    
id: "ID00173"	runtime: 67.1004    length: 67100      level: -1    stb: 0    
id: "ID00174"	runtime: 2614.6483  length: 2614648    level: -1    stb: 0    
id: "ID00175"	runtime: 270.4221   length: 270422     level: -1    stb: 0    
id: "ID00176"	runtime: 1.4497     length: 1449       level: -1    stb: 0    
id: "ID00177"	runtime: 4.9665     length: 4966       level: -1    stb: 0    
id: "ID00178"	runtime: 1389.4927  length: 1389492    level: -1    stb: 0    
id: "ID00179"	runtime: 33.0       length: 33000      level: -1    stb: 0    
id: "ID00180"	runtime: 6.1751     length: 6175       level: -1    stb: 0    
id: "ID00181"	runtime: 1.696      length: 1696       level: -1    stb: 0    
id: "ID00182"	runtime: 0.0449     length: 44         level: -1    stb: 0    
id: "ID00183"	runtime: 1.3367     length: 1336       level: -1    stb: 0    
id: "ID00184"	runtime: 0.9284     length: 928        level: -1    stb: 0    
id: "ID00185"	runtime: 1.5909     length: 1590       level: -1    stb: 0    
id: "ID00186"	runtime: 1.6214     length: 1621       level: -1    stb: 0    
id: "ID00187"	runtime: 1.4839     length: 1483       level: -1    stb: 0    
id: "ID00188"	runtime: 1.4857     length: 1485       level: -1    stb: 0    
id: "ID00189"	runtime: 1.2036     length: 1203       level: -1    stb: 0    
id: "ID00190"	runtime: 1.3252     length: 1325       level: -1    stb: 0    
id: "ID00191"	runtime: 1.428      length: 1428       level: -1    stb: 0    
id: "ID00192"	runtime: 1.1451     length: 1145       level: -1    stb: 0    
id: "ID00193"	runtime: 1.5453     length: 1545       level: -1    stb: 0    
id: "ID00194"	runtime: 0.8286     length: 828        level: -1    stb: 0    
id: "ID00195"	runtime: 1.0081     length: 1008       level: -1    stb: 0    
id: "ID00196"	runtime: 1.1872     length: 1187       level: -1    stb: 0    
id: "ID00197"	runtime: 1.5007     length: 1500       level: -1    stb: 0    
id: "ID00198"	runtime: 1118.5834  length: 1118583    level: -1    stb: 0    
id: "ID00199"	runtime: 37.7155    length: 37715      level: -1    stb: 0    
id: "ID00200"	runtime: 55.998     length: 55998      level: -1    stb: 0    
id: "ID00201"	runtime: 1636.4276  length: 1636427    level: -1    stb: 0    
id: "ID00202"	runtime: 330.1633   length: 330163     level: -1    stb: 0    
id: "ID00203"	runtime: 1.9078     length: 1907       level: -1    stb: 0    
id: "ID00204"	runtime: 4.588      length: 4588       level: -1    stb: 0    
id: "ID00205"	runtime: 1471.8703  length: 1471870    level: -1    stb: 0    
id: "ID00206"	runtime: 33.0       length: 33000      level: -1    stb: 0    
id: "ID00207"	runtime: 4.1349     length: 4134       level: -1    stb: 0    
id: "ID00208"	runtime: 2.3438     length: 2343       level: -1    stb: 0    
id: "ID00209"	runtime: 0.0435     length: 43         level: -1    stb: 0    
id: "ID00210"	runtime: 1.2232     length: 1223       level: -1    stb: 0    
id: "ID00211"	runtime: 0.8659     length: 865        level: -1    stb: 0    
id: "ID00212"	runtime: 0.6978     length: 697        level: -1    stb: 0    
id: "ID00213"	runtime: 1.5015     length: 1501       level: -1    stb: 0    
id: "ID00214"	runtime: 1.118      length: 1118       level: -1    stb: 0    
id: "ID00215"	runtime: 0.8357     length: 835        level: -1    stb: 0    
id: "ID00216"	runtime: 1.5532     length: 1553       level: -1    stb: 0    
id: "ID00217"	runtime: 1.4954     length: 1495       level: -1    stb: 0    
id: "ID00218"	runtime: 0.7833     length: 783        level: -1    stb: 0    
id: "ID00219"	runtime: 1.5641     length: 1564       level: -1    stb: 0    
id: "ID00220"	runtime: 0.9598     length: 959        level: -1    stb: 0    
id: "ID00221"	runtime: 1.6346     length: 1634       level: -1    stb: 0    
id: "ID00222"	runtime: 1.3118     length: 1311       level: -1    stb: 0    
id: "ID00223"	runtime: 0.9666     length: 966        level: -1    stb: 0    
id: "ID00224"	runtime: 1.2681     length: 1268       level: -1    stb: 0    
id: "ID00225"	runtime: 1.1496     length: 1149       level: -1    stb: 0    
id: "ID00226"	runtime: 1.0216     length: 1021       level: -1    stb: 0    
id: "ID00227"	runtime: 1.2332     length: 1233       level: -1    stb: 0    
id: "ID00228"	runtime: 1.1951     length: 1195       level: -1    stb: 0    
id: "ID00229"	runtime: 1.6063     length: 1606       level: -1    stb: 0    
id: "ID00230"	runtime: 1.7104     length: 1710       level: -1    stb: 0    
id: "ID00231"	runtime: 1.4409     length: 1440       level: -1    stb: 0    
id: "ID00232"	runtime: 1951.178   length: 1951178    level: -1    stb: 0    
id: "ID00233"	runtime: 27.6071    length: 27607      level: -1    stb: 0    
id: "ID00234"	runtime: 27.9185    length: 27918      level: -1    stb: 0    
id: "ID00235"	runtime: 2538.1808  length: 2538180    level: -1    stb: 0    
id: "ID00236"	runtime: 283.6164   length: 283616     level: -1    stb: 0    
id: "ID00237"	runtime: 1.3762     length: 1376       level: -1    stb: 0    
id: "ID00238"	runtime: 3.991      length: 3991       level: -1    stb: 0    
id: "ID00239"	runtime: 1328.1676  length: 1328167    level: -1    stb: 0    
id: "ID00240"	runtime: 33.0       length: 33000      level: -1    stb: 0    
id: "ID00241"	runtime: 7.0529     length: 7052       level: -1    stb: 0    
id: "ID00242"	runtime: 1.1217     length: 1121       level: -1    stb: 0    
id: "ID00243"	runtime: 0.056      length: 56         level: -1    stb: 0    
id: "ID00244"	runtime: 0.8544     length: 854        level: -1    stb: 0    
id: "ID00245"	runtime: 1.116      length: 1116       level: -1    stb: 0    
id: "ID00246"	runtime: 1.0597     length: 1059       level: -1    stb: 0    
id: "ID00247"	runtime: 1.1196     length: 1119       level: -1    stb: 0    
id: "ID00248"	runtime: 1.72       length: 1720       level: -1    stb: 0    
id: "ID00249"	runtime: 0.7714     length: 771        level: -1    stb: 0    
id: "ID00250"	runtime: 1.6667     length: 1666       level: -1    stb: 0    
id: "ID00251"	runtime: 1.3974     length: 1397       level: -1    stb: 0    
id: "ID00252"	runtime: 1.0235     length: 1023       level: -1    stb: 0    
id: "ID00253"	runtime: 1.2137     length: 1213       level: -1    stb: 0    
id: "ID00254"	runtime: 1.2895     length: 1289       level: -1    stb: 0    
id: "ID00255"	runtime: 1.6633     length: 1663       level: -1    stb: 0    
id: "ID00256"	runtime: 1.3992     length: 1399       level: -1    stb: 0    
id: "ID00257"	runtime: 1.3957     length: 1395       level: -1    stb: 0    
id: "ID00258"	runtime: 1.6713     length: 1671       level: -1    stb: 0    
id: "ID00259"	runtime: 1.0623     length: 1062       level: -1    stb: 0    
id: "ID00260"	runtime: 1.4641     length: 1464       level: -1    stb: 0    
id: "ID00261"	runtime: 0.9711     length: 971        level: -1    stb: 0    
id: "ID00262"	runtime: 902.1531   length: 902153     level: -1    stb: 0    
id: "ID00263"	runtime: 26.5967    length: 26596      level: -1    stb: 0    
id: "ID00264"	runtime: 53.5823    length: 53582      level: -1    stb: 0    
id: "ID00265"	runtime: 2344.2404  length: 2344240    level: -1    stb: 0    
id: "ID00266"	runtime: 460.5793   length: 460579     level: -1    stb: 0    
id: "ID00267"	runtime: 1.651      length: 1651       level: -1    stb: 0    
id: "ID00268"	runtime: 4.7944     length: 4794       level: -1    stb: 0    
id: "ID00269"	runtime: 1566.9233  length: 1566923    level: -1    stb: 0    
id: "ID00270"	runtime: 33.0       length: 33000      level: -1    stb: 0    
id: "ID00271"	runtime: 3.6017     length: 3601       level: -1    stb: 0    
id: "ID00272"	runtime: 2.3127     length: 2312       level: -1    stb: 0    
id: "ID00273"	runtime: 0.0837     length: 83         level: -1    stb: 0    
id: "ID00274"	runtime: 1.2133     length: 1213       level: -1    stb: 0    
id: "ID00275"	runtime: 1.6863     length: 1686       level: -1    stb: 0    
id: "ID00276"	runtime: 1.4056     length: 1405       level: -1    stb: 0    
id: "ID00277"	runtime: 1.1212     length: 1121       level: -1    stb: 0    
id: "ID00278"	runtime: 1.0735     length: 1073       level: -1    stb: 0    
id: "ID00279"	runtime: 1.5922     length: 1592       level: -1    stb: 0    
id: "ID00280"	runtime: 0.9117     length: 911        level: -1    stb: 0    
id: "ID00281"	runtime: 1.367      length: 1367       level: -1    stb: 0    
id: "ID00282"	runtime: 1.4847     length: 1484       level: -1    stb: 0    
id: "ID00283"	runtime: 1.7007     length: 1700       level: -1    stb: 0    
id: "ID00284"	runtime: 1.6565     length: 1656       level: -1    stb: 0    
id: "ID00285"	runtime: 1.3708     length: 1370       level: -1    stb: 0    
id: "ID00286"	runtime: 1.3557     length: 1355       level: -1    stb: 0    
id: "ID00287"	runtime: 1.7779     length: 1777       level: -1    stb: 0    
id: "ID00288"	runtime: 1.1552     length: 1155       level: -1    stb: 0    
id: "ID00289"	runtime: 1365.6261  length: 1365626    level: -1    stb: 0    
id: "ID00290"	runtime: 35.5879    length: 35587      level: -1    stb: 0    
id: "ID00291"	runtime: 64.7179    length: 64717      level: -1    stb: 0    
id: "ID00292"	runtime: 1821.7148  length: 1821714    level: -1    stb: 0    
id: "ID00293"	runtime: 313.8021   length: 313802     level: -1    stb: 0    
id: "ID00294"	runtime: 1.4301     length: 1430       level: -1    stb: 0    
id: "ID00295"	runtime: 5.2282     length: 5228       level: -1    stb: 0    
id: "ID00296"	runtime: 1379.4869  length: 1379486    level: -1    stb: 0    
id: "ID00297"	runtime: 33.0       length: 33000      level: -1    stb: 0    
id: "ID00298"	runtime: 5.2943     length: 5294       level: -1    stb: 0    
id: "ID00299"	runtime: 1.0071     length: 1007       level: -1    stb: 0    
id: "ID00300"	runtime: 0.048      length: 48         level: -1    stb: 0    
id: "ID00301"	runtime: 1.084      length: 1084       level: -1    stb: 0    
id: "ID00302"	runtime: 1.6784     length: 1678       level: -1    stb: 0    
id: "ID00303"	runtime: 1.0625     length: 1062       level: -1    stb: 0    
id: "ID00304"	runtime: 1.2952     length: 1295       level: -1    stb: 0    
id: "ID00305"	runtime: 0.915      length: 915        level: -1    stb: 0    
id: "ID00306"	runtime: 1.2581     length: 1258       level: -1    stb: 0    
id: "ID00307"	runtime: 1.1482     length: 1148       level: -1    stb: 0    
id: "ID00308"	runtime: 1.7439     length: 1743       level: -1    stb: 0    
id: "ID00309"	runtime: 1.0499     length: 1049       level: -1    stb: 0    
id: "ID00310"	runtime: 1.4486     length: 1448       level: -1    stb: 0    
id: "ID00311"	runtime: 1.7871     length: 1787       level: -1    stb: 0    
id: "ID00312"	runtime: 1.3759     length: 1375       level: -1    stb: 0    
id: "ID00313"	runtime: 1.0641     length: 1064       level: -1    stb: 0    
id: "ID00314"	runtime: 1.0201     length: 1020       level: -1    stb: 0    
id: "ID00315"	runtime: 1.2619     length: 1261       level: -1    stb: 0    
id: "ID00316"	runtime: 1.6528     length: 1652       level: -1    stb: 0    
id: "ID00317"	runtime: 0.7629     length: 762        level: -1    stb: 0    
id: "ID00318"	runtime: 1.8775     length: 1877       level: -1    stb: 0    
id: "ID00319"	runtime: 1.0965     length: 1096       level: -1    stb: 0    
id: "ID00320"	runtime: 1.8284     length: 1828       level: -1    stb: 0    
id: "ID00321"	runtime: 1052.0795  length: 1052079    level: -1    stb: 0    
id: "ID00322"	runtime: 27.9011    length: 27901      level: -1    stb: 0    
id: "ID00323"	runtime: 71.3639    length: 71363      level: -1    stb: 0    
id: "ID00324"	runtime: 2536.7685  length: 2536768    level: -1    stb: 0    
id: "ID00325"	runtime: 260.2685   length: 260268     level: -1    stb: 0    
id: "ID00326"	runtime: 1.4403     length: 1440       level: -1    stb: 0    
id: "ID00327"	runtime: 3.3779     length: 3377       level: -1    stb: 0    
id: "ID00328"	runtime: 1415.5007  length: 1415500    level: -1    stb: 0    
id: "ID00329"	runtime: 33.0       length: 33000      level: -1    stb: 0    
id: "ID00330"	runtime: 3.0754     length: 3075       level: -1    stb: 0    
id: "ID00331"	runtime: 1.49       length: 1490       level: -1    stb: 0    
id: "ID00332"	runtime: 0.0872     length: 87         level: -1    stb: 0    
id: "ID00333"	runtime: 0.8393     length: 839        level: -1    stb: 0    
id: "ID00334"	runtime: 1.5579     length: 1557       level: -1    stb: 0    
id: "ID00335"	runtime: 1.7685     length: 1768       level: -1    stb: 0    
id: "ID00336"	runtime: 1.3494     length: 1349       level: -1    stb: 0    
id: "ID00337"	runtime: 1.8907     length: 1890       level: -1    stb: 0    
id: "ID00338"	runtime: 1.1759     length: 1175       level: -1    stb: 0    
id: "ID00339"	runtime: 1.4336     length: 1433       level: -1    stb: 0    
id: "ID00340"	runtime: 1.2907     length: 1290       level: -1    stb: 0    
id: "ID00341"	runtime: 0.911      length: 911        level: -1    stb: 0    
id: "ID00342"	runtime: 1.0323     length: 1032       level: -1    stb: 0    
id: "ID00343"	runtime: 1.3374     length: 1337       level: -1    stb: 0    
id: "ID00344"	runtime: 0.9303     length: 930        level: -1    stb: 0    
id: "ID00345"	runtime: 1.4066     length: 1406       level: -1    stb: 0    
id: "ID00346"	runtime: 1.467      length: 1467       level: -1    stb: 0    
id: "ID00347"	runtime: 1.5561     length: 1556       level: -1    stb: 0    
id: "ID00348"	runtime: 1.2649     length: 1264       level: -1    stb: 0    
id: "ID00349"	runtime: 1.2336     length: 1233       level: -1    stb: 0    
id: "ID00350"	runtime: 1.2264     length: 1226       level: -1    stb: 0    
id: "ID00351"	runtime: 1.7071     length: 1707       level: -1    stb: 0    
id: "ID00352"	runtime: 794.1811   length: 794181     level: -1    stb: 0    
id: "ID00353"	runtime: 27.4943    length: 27494      level: -1    stb: 0    
id: "ID00354"	runtime: 77.8258    length: 77825      level: -1    stb: 0    
id: "ID00355"	runtime: 2488.4671  length: 2488467    level: -1    stb: 0    
id: "ID00356"	runtime: 374.5809   length: 374580     level: -1    stb: 0    
id: "ID00357"	runtime: 1.454      length: 1454       level: -1    stb: 0    
id: "ID00358"	runtime: 5.7717     length: 5771       level: -1    stb: 0    
id: "ID00359"	runtime: 1406.3558  length: 1406355    level: -1    stb: 0    
id: "ID00360"	runtime: 33.0       length: 33000      level: -1    stb: 0    
id: "ID00361"	runtime: 4.8522     length: 4852       level: -1    stb: 0    
id: "ID00362"	runtime: 1.2249     length: 1224       level: -1    stb: 0    
id: "ID00363"	runtime: 0.0931     length: 93         level: -1    stb: 0    
id: "ID00364"	runtime: 1.0326     length: 1032       level: -1    stb: 0    
id: "ID00365"	runtime: 0.978      length: 978        level: -1    stb: 0    
id: "ID00366"	runtime: 1.3113     length: 1311       level: -1    stb: 0    
id: "ID00367"	runtime: 1.7573     length: 1757       level: -1    stb: 0    
id: "ID00368"	runtime: 1.7621     length: 1762       level: -1    stb: 0    
id: "ID00369"	runtime: 1.7697     length: 1769       level: -1    stb: 0    
id: "ID00370"	runtime: 1.4893     length: 1489       level: -1    stb: 0    
id: "ID00371"	runtime: 1.8209     length: 1820       level: -1    stb: 0    
id: "ID00372"	runtime: 0.7085     length: 708        level: -1    stb: 0    
id: "ID00373"	runtime: 1.5251     length: 1525       level: -1    stb: 0    
id: "ID00374"	runtime: 1.3884     length: 1388       level: -1    stb: 0    
id: "ID00375"	runtime: 1.0852     length: 1085       level: -1    stb: 0    
id: "ID00376"	runtime: 1.4484     length: 1448       level: -1    stb: 0    
id: "ID00377"	runtime: 1.208      length: 1208       level: -1    stb: 0    
id: "ID00378"	runtime: 1.3355     length: 1335       level: -1    stb: 0    
id: "ID00379"	runtime: 1.4079     length: 1407       level: -1    stb: 0    
id: "ID00380"	runtime: 1882.8636  length: 1882863    level: -1    stb: 0    
id: "ID00381"	runtime: 23.0412    length: 23041      level: -1    stb: 0    
id: "ID00382"	runtime: 59.0643    length: 59064      level: -1    stb: 0    
id: "ID00383"	runtime: 1513.3834  length: 1513383    level: -1    stb: 0    
id: "ID00384"	runtime: 268.633    length: 268633     level: -1    stb: 0    
id: "ID00385"	runtime: 1.6942     length: 1694       level: -1    stb: 0    
id: "ID00386"	runtime: 4.3979     length: 4397       level: -1    stb: 0    
id: "ID00387"	runtime: 1332.4824  length: 1332482    level: -1    stb: 0    
id: "ID00388"	runtime: 33.0       length: 33000      level: -1    stb: 0    
id: "ID00389"	runtime: 4.7857     length: 4785       level: -1    stb: 0    
id: "ID00390"	runtime: 1.2993     length: 1299       level: -1    stb: 0    
id: "ID00391"	runtime: 0.066      length: 66         level: -1    stb: 0    
id: "ID00392"	runtime: 1.4288     length: 1428       level: -1    stb: 0    
id: "ID00393"	runtime: 1.1832     length: 1183       level: -1    stb: 0    
id: "ID00394"	runtime: 1.5244     length: 1524       level: -1    stb: 0    
id: "ID00395"	runtime: 0.7649     length: 764        level: -1    stb: 0    
id: "ID00396"	runtime: 1.6384     length: 1638       level: -1    stb: 0    
id: "ID00397"	runtime: 1.3795     length: 1379       level: -1    stb: 0    
id: "ID00398"	runtime: 1.3333     length: 1333       level: -1    stb: 0    
id: "ID00399"	runtime: 1.3405     length: 1340       level: -1    stb: 0    
id: "ID00400"	runtime: 1.0693     length: 1069       level: -1    stb: 0    
id: "ID00401"	runtime: 1.3363     length: 1336       level: -1    stb: 0    
id: "ID00402"	runtime: 0.7613     length: 761        level: -1    stb: 0    
id: "ID00403"	runtime: 1.2901     length: 1290       level: -1    stb: 0    
id: "ID00404"	runtime: 1.0123     length: 1012       level: -1    stb: 0    
id: "ID00405"	runtime: 0.8313     length: 831        level: -1    stb: 0    
id: "ID00406"	runtime: 1.5643     length: 1564       level: -1    stb: 0    
id: "ID00407"	runtime: 1.6585     length: 1658       level: -1    stb: 0    
id: "ID00408"	runtime: 1.5335     length: 1533       level: -1    stb: 0    
id: "ID00409"	runtime: 1.3675     length: 1367       level: -1    stb: 0    
id: "ID00410"	runtime: 1.0887     length: 1088       level: -1    stb: 0    
id: "ID00411"	runtime: 1.6182     length: 1618       level: -1    stb: 0    
id: "ID00412"	runtime: 1016.1255  length: 1016125    level: -1    stb: 0    
id: "ID00413"	runtime: 37.2367    length: 37236      level: -1    stb: 0    
id: "ID00414"	runtime: 64.2461    length: 64246      level: -1    stb: 0    
id: "ID00415"	runtime: 1915.4141  length: 1915414    level: -1    stb: 0    
id: "ID00416"	runtime: 443.418    length: 443418     level: -1    stb: 0    
id: "ID00417"	runtime: 1.6483     length: 1648       level: -1    stb: 0    
id: "ID00418"	runtime: 4.684      length: 4684       level: -1    stb: 0    
id: "ID00419"	runtime: 1469.6627  length: 1469662    level: -1    stb: 0    
id: "ID00420"	runtime: 33.0       length: 33000      level: -1    stb: 0    
id: "ID00421"	runtime: 4.4005     length: 4400       level: -1    stb: 0    
id: "ID00422"	runtime: 2.1361     length: 2136       level: -1    stb: 0    
id: "ID00423"	runtime: 0.0636     length: 63         level: -1    stb: 0    
id: "ID00424"	runtime: 1.0831     length: 1083       level: -1    stb: 0    
id: "ID00425"	runtime: 1.4619     length: 1461       level: -1    stb: 0    
id: "ID00426"	runtime: 1.3853     length: 1385       level: -1    stb: 0    
id: "ID00427"	runtime: 1.3563     length: 1356       level: -1    stb: 0    
id: "ID00428"	runtime: 1.5145     length: 1514       level: -1    stb: 0    
id: "ID00429"	runtime: 1.5215     length: 1521       level: -1    stb: 0    
id: "ID00430"	runtime: 1.1277     length: 1127       level: -1    stb: 0    
id: "ID00431"	runtime: 1.5886     length: 1588       level: -1    stb: 0    
id: "ID00432"	runtime: 1.8188     length: 1818       level: -1    stb: 0    
id: "ID00433"	runtime: 1.5297     length: 1529       level: -1    stb: 0    
id: "ID00434"	runtime: 0.7375     length: 737        level: -1    stb: 0    
id: "ID00435"	runtime: 1.8806     length: 1880       level: -1    stb: 0    
id: "ID00436"	runtime: 1.3962     length: 1396       level: -1    stb: 0    
id: "ID00437"	runtime: 1.4325     length: 1432       level: -1    stb: 0    
id: "ID00438"	runtime: 1.3368     length: 1336       level: -1    stb: 0    
id: "ID00439"	runtime: 1.5641     length: 1564       level: -1    stb: 0    
id: "ID00440"	runtime: 907.0334   length: 907033     level: -1    stb: 0    
id: "ID00441"	runtime: 48.8174    length: 48817      level: -1    stb: 0    
id: "ID00442"	runtime: 48.1757    length: 48175      level: -1    stb: 0    
id: "ID00443"	runtime: 1467.7663  length: 1467766    level: -1    stb: 0    
id: "ID00444"	runtime: 408.3058   length: 408305     level: -1    stb: 0    
id: "ID00445"	runtime: 1.5341     length: 1534       level: -1    stb: 0    
id: "ID00446"	runtime: 5.9414     length: 5941       level: -1    stb: 0    
id: "ID00447"	runtime: 1408.0169  length: 1408016    level: -1    stb: 0    
id: "ID00448"	runtime: 33.0       length: 33000      level: -1    stb: 0    
id: "ID00449"	runtime: 3.6891     length: 3689       level: -1    stb: 0    
id: "ID00450"	runtime: 1.2571     length: 1257       level: -1    stb: 0    
id: "ID00451"	runtime: 0.0731     length: 73         level: -1    stb: 0    
id: "ID00452"	runtime: 1.0586     length: 1058       level: -1    stb: 0    
id: "ID00453"	runtime: 1.3273     length: 1327       level: -1    stb: 0    
id: "ID00454"	runtime: 1.0562     length: 1056       level: -1    stb: 0    
id: "ID00455"	runtime: 1.0441     length: 1044       level: -1    stb: 0    
id: "ID00456"	runtime: 0.8788     length: 878        level: -1    stb: 0    
id: "ID00457"	runtime: 1.3948     length: 1394       level: -1    stb: 0    
id: "ID00458"	runtime: 1.4645     length: 1464       level: -1    stb: 0    
id: "ID00459"	runtime: 1.5232     length: 1523       level: -1    stb: 0    
id: "ID00460"	runtime: 0.9555     length: 955        level: -1    stb: 0    
id: "ID00461"	runtime: 1.3588     length: 1358       level: -1    stb: 0    
id: "ID00462"	runtime: 1.1638     length: 1163       level: -1    stb: 0    
id: "ID00463"	runtime: 1.3315     length: 1331       level: -1    stb: 0    
id: "ID00464"	runtime: 1.5698     length: 1569       level: -1    stb: 0    
id: "ID00465"	runtime: 1.0751     length: 1075       level: -1    stb: 0    
id: "ID00466"	runtime: 0.8116     length: 811        level: -1    stb: 0    
id: "ID00467"	runtime: 1.2299     length: 1229       level: -1    stb: 0    
id: "ID00468"	runtime: 0.9033     length: 903        level: -1    stb: 0    
id: "ID00469"	runtime: 1.3228     length: 1322       level: -1    stb: 0    
id: "ID00470"	runtime: 1.4025     length: 1402       level: -1    stb: 0    
id: "ID00471"	runtime: 1.1156     length: 1115       level: -1    stb: 0    
id: "ID00472"	runtime: 0.9474     length: 947        level: -1    stb: 0    
id: "ID00473"	runtime: 1779.4362  length: 1779436    level: -1    stb: 0    
id: "ID00474"	runtime: 42.4847    length: 42484      level: -1    stb: 0    
id: "ID00475"	runtime: 54.5537    length: 54553      level: -1    stb: 0    
id: "ID00476"	runtime: 1354.6284  length: 1354628    level: -1    stb: 0    
id: "ID00477"	runtime: 464.0414   length: 464041     level: -1    stb: 0    
id: "ID00478"	runtime: 1.5376     length: 1537       level: -1    stb: 0    
id: "ID00479"	runtime: 4.6628     length: 4662       level: -1    stb: 0    
id: "ID00480"	runtime: 1220.1016  length: 1220101    level: -1    stb: 0    
id: "ID00481"	runtime: 33.0       length: 33000      level: -1    stb: 0    
id: "ID00482"	runtime: 5.3034     length: 5303       level: -1    stb: 0    
id: "ID00483"	runtime: 0.9783     length: 978        level: -1    stb: 0    
